TimeUTC,timestampInMs,requestPath,requestMethod,requestQueryString,responseStatusCode,requestId,requestUserAgent,level,environment,branch,vercelCache,type,function,host,deploymentDomain,deploymentId,durationMs,region,maxMemoryUsed,memorySize,message,projectId,traceId,sessionId,invocationId,instanceId,concurrency
2026-02-10 02:16:12,1770689772085,validacao-tempo-7w6kq2pp9-gcolumbina25s-projects.vercel.app/favicon.png,GET,,500,7tqsq-1770689771036-c8ee3cc16db1,vercel-favicon/1.0,error,production,main,MISS,function,/favicon.png,validacao-tempo-7w6kq2pp9-gcolumbina25s-projects.vercel.app,validacao-tempo-7w6kq2pp9-gcolumbina25s-projects.vercel.app,dpl_5TVC9o7u1ShfM7bxkHv2giDqofUM,,,,,"Error importing app.py:
Traceback (most recent call last):
File ""/var/task/_vendor/vercel_runtime/vc_init.py"", line 238, in <module>
__vc_spec.loader.exec_module(__vc_module)
File ""<frozen importlib._bootstrap_external>"", line 999, in exec_module
File ""<frozen importlib._bootstrap>"", line 488, in _call_with_frames_removed
File ""/var/task/app.py"", line 484, in <module>
db_init()
File ""/var/task/db_layer.py"", line 185, in init_db
with get_connection() as conn:  # type: Connection
^^^^^^^^^^^^^^^^
File ""/var/task/db_layer.py"", line 177, in get_connection
DATA_DIR.mkdir(parents=True, exist_ok=True)
File ""/var/lang/lib/python3.12/pathlib.py"", line 1311, in mkdir
os.mkdir(self, mode)
OSError: [Errno 30] Read-only file system: '/var/task/dados'
Python process exited with exit status: 1. The logs above can help with debugging the issue.",prj_lVvLvhDy5Su5BqXQzc0KlHQ6nCtI,,,,,
2026-02-10 02:16:11,1770689771036,validacao-tempo-7w6kq2pp9-gcolumbina25s-projects.vercel.app/favicon.png,GET,,500,7tqsq-1770689771036-c8ee3cc16db1,vercel-favicon/1.0,,production,main,MISS,function,/,validacao-tempo-7w6kq2pp9-gcolumbina25s-projects.vercel.app,validacao-tempo-7w6kq2pp9-gcolumbina25s-projects.vercel.app,dpl_5TVC9o7u1ShfM7bxkHv2giDqofUM,995,iad1,-1,2048,,prj_lVvLvhDy5Su5BqXQzc0KlHQ6nCtI,,,01KH2NBDJ25PBB81QYY4BZ3V52,,-1
2026-02-10 02:16:08,1770689768983,validacao-tempo-7w6kq2pp9-gcolumbina25s-projects.vercel.app/favicon.png,GET,,500,ql68v-1770689767981-dd8eefd23128,vercel-favicon/1.0,error,production,main,MISS,function,/favicon.png,validacao-tempo-7w6kq2pp9-gcolumbina25s-projects.vercel.app,validacao-tempo-7w6kq2pp9-gcolumbina25s-projects.vercel.app,dpl_5TVC9o7u1ShfM7bxkHv2giDqofUM,,,,,"Error importing app.py:
Traceback (most recent call last):
File ""/var/task/_vendor/vercel_runtime/vc_init.py"", line 238, in <module>
__vc_spec.loader.exec_module(__vc_module)
File ""<frozen importlib._bootstrap_external>"", line 999, in exec_module
File ""<frozen importlib._bootstrap>"", line 488, in _call_with_frames_removed
File ""/var/task/app.py"", line 484, in <module>
db_init()
File ""/var/task/db_layer.py"", line 185, in init_db
with get_connection() as conn:  # type: Connection
^^^^^^^^^^^^^^^^
File ""/var/task/db_layer.py"", line 177, in get_connection
DATA_DIR.mkdir(parents=True, exist_ok=True)
File ""/var/lang/lib/python3.12/pathlib.py"", line 1311, in mkdir
os.mkdir(self, mode)
OSError: [Errno 30] Read-only file system: '/var/task/dados'
Python process exited with exit status: 1. The logs above can help with debugging the issue.",prj_lVvLvhDy5Su5BqXQzc0KlHQ6nCtI,,,,,
2026-02-10 02:16:07,1770689767981,validacao-tempo-7w6kq2pp9-gcolumbina25s-projects.vercel.app/favicon.png,GET,,500,ql68v-1770689767981-dd8eefd23128,vercel-favicon/1.0,,production,main,MISS,function,/,validacao-tempo-7w6kq2pp9-gcolumbina25s-projects.vercel.app,validacao-tempo-7w6kq2pp9-gcolumbina25s-projects.vercel.app,dpl_5TVC9o7u1ShfM7bxkHv2giDqofUM,952,iad1,-1,2048,,prj_lVvLvhDy5Su5BqXQzc0KlHQ6nCtI,,,01KH2NBAJHDY2DP7QKWYBE5S9K,,-1
2026-02-10 02:16:08,1770689768705,validacao-tempo-git-main-gcolumbina25s-projects.vercel.app/favicon.ico,GET,,500,4fkdc-1770689767621-18c211f5c60e,"Mozilla/5.0 (Macintosh; Intel Mac OS X 10_15_7) AppleWebKit/537.36 (KHTML, like Gecko) Chrome/142.0.0.0 Safari/537.36 OPR/126.0.0.0",error,production,main,MISS,function,/favicon.ico,validacao-tempo-git-main-gcolumbina25s-projects.vercel.app,validacao-tempo-7w6kq2pp9-gcolumbina25s-projects.vercel.app,dpl_5TVC9o7u1ShfM7bxkHv2giDqofUM,,,,,"Error importing app.py:
Traceback (most recent call last):
File ""/var/task/_vendor/vercel_runtime/vc_init.py"", line 238, in <module>
__vc_spec.loader.exec_module(__vc_module)
File ""<frozen importlib._bootstrap_external>"", line 999, in exec_module
File ""<frozen importlib._bootstrap>"", line 488, in _call_with_frames_removed
File ""/var/task/app.py"", line 484, in <module>
db_init()
File ""/var/task/db_layer.py"", line 185, in init_db
with get_connection() as conn:  # type: Connection
^^^^^^^^^^^^^^^^
File ""/var/task/db_layer.py"", line 177, in get_connection
DATA_DIR.mkdir(parents=True, exist_ok=True)
File ""/var/lang/lib/python3.12/pathlib.py"", line 1311, in mkdir
os.mkdir(self, mode)
OSError: [Errno 30] Read-only file system: '/var/task/dados'
Python process exited with exit status: 1. The logs above can help with debugging the issue.",prj_lVvLvhDy5Su5BqXQzc0KlHQ6nCtI,,,,,
2026-02-10 02:16:07,1770689767621,validacao-tempo-git-main-gcolumbina25s-projects.vercel.app/favicon.ico,GET,,500,4fkdc-1770689767621-18c211f5c60e,"Mozilla/5.0 (Macintosh; Intel Mac OS X 10_15_7) AppleWebKit/537.36 (KHTML, like Gecko) Chrome/142.0.0.0 Safari/537.36 OPR/126.0.0.0",,production,main,MISS,function,/,validacao-tempo-git-main-gcolumbina25s-projects.vercel.app,validacao-tempo-7w6kq2pp9-gcolumbina25s-projects.vercel.app,dpl_5TVC9o7u1ShfM7bxkHv2giDqofUM,988,iad1,-1,2048,,prj_lVvLvhDy5Su5BqXQzc0KlHQ6nCtI,,,01KH2NBA8RDQV0TSCTY9C15XDH,,-1
2026-02-10 02:16:07,1770689767407,validacao-tempo-git-main-gcolumbina25s-projects.vercel.app/,GET,,500,hvvms-1770689765949-510ae293d116,"Mozilla/5.0 (Macintosh; Intel Mac OS X 10_15_7) AppleWebKit/537.36 (KHTML, like Gecko) Chrome/142.0.0.0 Safari/537.36 OPR/126.0.0.0",error,production,main,MISS,function,/,validacao-tempo-git-main-gcolumbina25s-projects.vercel.app,validacao-tempo-7w6kq2pp9-gcolumbina25s-projects.vercel.app,dpl_5TVC9o7u1ShfM7bxkHv2giDqofUM,,,,,"Error importing app.py:
Traceback (most recent call last):
File ""/var/task/_vendor/vercel_runtime/vc_init.py"", line 238, in <module>
__vc_spec.loader.exec_module(__vc_module)
File ""<frozen importlib._bootstrap_external>"", line 999, in exec_module
File ""<frozen importlib._bootstrap>"", line 488, in _call_with_frames_removed
File ""/var/task/app.py"", line 484, in <module>
db_init()
File ""/var/task/db_layer.py"", line 185, in init_db
with get_connection() as conn:  # type: Connection
^^^^^^^^^^^^^^^^
File ""/var/task/db_layer.py"", line 177, in get_connection
DATA_DIR.mkdir(parents=True, exist_ok=True)
File ""/var/lang/lib/python3.12/pathlib.py"", line 1311, in mkdir
os.mkdir(self, mode)
OSError: [Errno 30] Read-only file system: '/var/task/dados'
Python process exited with exit status: 1. The logs above can help with debugging the issue.",prj_lVvLvhDy5Su5BqXQzc0KlHQ6nCtI,,,,,
2026-02-10 02:16:05,1770689765949,validacao-tempo-git-main-gcolumbina25s-projects.vercel.app/,GET,,500,hvvms-1770689765949-510ae293d116,"Mozilla/5.0 (Macintosh; Intel Mac OS X 10_15_7) AppleWebKit/537.36 (KHTML, like Gecko) Chrome/142.0.0.0 Safari/537.36 OPR/126.0.0.0",,production,main,MISS,function,/,validacao-tempo-git-main-gcolumbina25s-projects.vercel.app,validacao-tempo-7w6kq2pp9-gcolumbina25s-projects.vercel.app,dpl_5TVC9o7u1ShfM7bxkHv2giDqofUM,996,iad1,-1,2048,,prj_lVvLvhDy5Su5BqXQzc0KlHQ6nCtI,,,01KH2NB8ZV1MPG4HRW6QJXTGNY,,-1
2026-02-10 02:16:06,1770689766867,validacao-tempo-7w6kq2pp9-gcolumbina25s-projects.vercel.app/favicon.png,GET,,,xmdq5-1770689765817-63209f88248d,vercel-favicon/1.0,error,production,main,,function,,validacao-tempo-7w6kq2pp9-gcolumbina25s-projects.vercel.app,validacao-tempo-7w6kq2pp9-gcolumbina25s-projects.vercel.app,dpl_5TVC9o7u1ShfM7bxkHv2giDqofUM,,,,,"Error importing app.py:
Traceback (most recent call last):
File ""/var/task/_vendor/vercel_runtime/vc_init.py"", line 238, in <module>
__vc_spec.loader.exec_module(__vc_module)
File ""<frozen importlib._bootstrap_external>"", line 999, in exec_module
File ""<frozen importlib._bootstrap>"", line 488, in _call_with_frames_removed
File ""/var/task/app.py"", line 484, in <module>
db_init()
File ""/var/task/db_layer.py"", line 185, in init_db
with get_connection() as conn:  # type: Connection
^^^^^^^^^^^^^^^^
File ""/var/task/db_layer.py"", line 177, in get_connection
DATA_DIR.mkdir(parents=True, exist_ok=True)
File ""/var/lang/lib/python3.12/pathlib.py"", line 1311, in mkdir
os.mkdir(self, mode)
OSError: [Errno 30] Read-only file system: '/var/task/dados'
Python process exited with exit status: 1. The logs above can help with debugging the issue.",prj_lVvLvhDy5Su5BqXQzc0KlHQ6nCtI,,,,,
2026-02-10 02:16:05,1770689765817,validacao-tempo-7w6kq2pp9-gcolumbina25s-projects.vercel.app/favicon.png,GET,,,xmdq5-1770689765817-63209f88248d,vercel-favicon/1.0,,production,main,,function,/,validacao-tempo-7w6kq2pp9-gcolumbina25s-projects.vercel.app,validacao-tempo-7w6kq2pp9-gcolumbina25s-projects.vercel.app,dpl_5TVC9o7u1ShfM7bxkHv2giDqofUM,985,iad1,-1,2048,,prj_lVvLvhDy5Su5BqXQzc0KlHQ6nCtI,,,01KH2NB8F9RCM95TJWPD82319R,,-1
2026-02-10 02:16:05,1770689765716,validacao-tempo-git-main-gcolumbina25s-projects.vercel.app/,GET,_vercel_jwt=eyJhbGciOiJIUzI1NiJ9.eyJzdWIiOiJzc28tcHJvdGVjdGlvbi1jYWxsYmFjayIsImF1ZCI6InZhbGlkYWNhby10ZW1wby1naXQtbWFpbi1nY29sdW1iaW5hMjVzLXByb2plY3RzLnZlcmNlbC5hcHAiLCJpYXQiOjE3NzA2ODk3NjUsImV4cCI6MTc3MDY4OTc3NSwidXNlcklkIjoieUNhU2xUeGRiZXkxd29WZk50M21sdmM0IiwidXNlcm5hbWUiOiJnY29sdW1iaW5hMjUiLCJub25jZSI6IjhkNjliM2RhZjY4OWIzMDdjY2Q4NTM2ZGE3NGVjOGIzODkwN2VjMzlmOWUzMmJiODRmNDM3ZWNhNTE3NWFjYTcifQ.2WHSbMtCshiLaCf7_N1_0qiezGlEJ4fbjd6k7m6Wn_U&_vercel_jwe=eyJhbGciOiJkaXIiLCJlbmMiOiJBMjU2R0NNIn0..Pg6uaQa2LU45yf0q.sEnHDrARFskd6xNVDym3nX9Tj0pOluH5Z_RInZL2Gk82D8u0Lf_CsWxjnXRtmi12ojUKU83C1JD1iu-cT9it1biIFoefsWYUSw1cCzTFBa88li5-7oQlHt7y14eWCe-MvJC5nNwMGGlg6YykBSJJbfEF3ZuIEvW_-Wiff1TVMhAz3pHZwD98c82cxpafedx40--Rxwq1q9yg1NEn6GQekjQK8BTiKCDoN466FLsMPXBbgkb2jIhltIx4N4RhwykF0ezlceoz0GNmjmrfpD773_s6bi9knM0YIIHDB_amHAL9iaWSzCNGA-kamrV7puQpWgbOWLfmydohnCF26WxzmYGKP9IMHzZI9hK5Fw.8nKmb3j2Yb-og2_0yY5iVw,307,hvvms-1770689765716-bfd9142c702a,"Mozilla/5.0 (Macintosh; Intel Mac OS X 10_15_7) AppleWebKit/537.36 (KHTML, like Gecko) Chrome/142.0.0.0 Safari/537.36 OPR/126.0.0.0",,production,main,,static,/,validacao-tempo-git-main-gcolumbina25s-projects.vercel.app,validacao-tempo-7w6kq2pp9-gcolumbina25s-projects.vercel.app,dpl_5TVC9o7u1ShfM7bxkHv2giDqofUM,162,gru1,,,,prj_lVvLvhDy5Su5BqXQzc0KlHQ6nCtI,,,,,
2026-02-10 02:16:05,1770689765782,validacao-tempo-7w6kq2pp9-gcolumbina25s-projects.vercel.app/favicon.ico,GET,,500,5q9dt-1770689764742-53a8a2f17dcc,vercel-favicon/1.0,error,production,main,MISS,function,/favicon.ico,validacao-tempo-7w6kq2pp9-gcolumbina25s-projects.vercel.app,validacao-tempo-7w6kq2pp9-gcolumbina25s-projects.vercel.app,dpl_5TVC9o7u1ShfM7bxkHv2giDqofUM,,,,,"Error importing app.py:
Traceback (most recent call last):
File ""/var/task/_vendor/vercel_runtime/vc_init.py"", line 238, in <module>
__vc_spec.loader.exec_module(__vc_module)
File ""<frozen importlib._bootstrap_external>"", line 999, in exec_module
File ""<frozen importlib._bootstrap>"", line 488, in _call_with_frames_removed
File ""/var/task/app.py"", line 484, in <module>
db_init()
File ""/var/task/db_layer.py"", line 185, in init_db
with get_connection() as conn:  # type: Connection
^^^^^^^^^^^^^^^^
File ""/var/task/db_layer.py"", line 177, in get_connection
DATA_DIR.mkdir(parents=True, exist_ok=True)
File ""/var/lang/lib/python3.12/pathlib.py"", line 1311, in mkdir
os.mkdir(self, mode)
OSError: [Errno 30] Read-only file system: '/var/task/dados'
Python process exited with exit status: 1. The logs above can help with debugging the issue.",prj_lVvLvhDy5Su5BqXQzc0KlHQ6nCtI,,,,,
2026-02-10 02:16:04,1770689764742,validacao-tempo-7w6kq2pp9-gcolumbina25s-projects.vercel.app/favicon.ico,GET,,500,5q9dt-1770689764742-53a8a2f17dcc,vercel-favicon/1.0,,production,main,MISS,function,/,validacao-tempo-7w6kq2pp9-gcolumbina25s-projects.vercel.app,validacao-tempo-7w6kq2pp9-gcolumbina25s-projects.vercel.app,dpl_5TVC9o7u1ShfM7bxkHv2giDqofUM,986,iad1,-1,2048,,prj_lVvLvhDy5Su5BqXQzc0KlHQ6nCtI,,,01KH2NB7DB0MJJ1AMQ83A5YQFB,,-1
2026-02-10 02:16:04,1770689764283,validacao-tempo-git-main-gcolumbina25s-projects.vercel.app/,GET,,401,4fkdc-1770689764283-5f6046f798d0,"Mozilla/5.0 (Macintosh; Intel Mac OS X 10_15_7) AppleWebKit/537.36 (KHTML, like Gecko) Chrome/142.0.0.0 Safari/537.36 OPR/126.0.0.0",,production,main,,static,/,validacao-tempo-git-main-gcolumbina25s-projects.vercel.app,validacao-tempo-7w6kq2pp9-gcolumbina25s-projects.vercel.app,dpl_5TVC9o7u1ShfM7bxkHv2giDqofUM,163,gru1,,,,prj_lVvLvhDy5Su5BqXQzc0KlHQ6nCtI,,,,,
2026-02-10 02:16:02,1770689762630,validacao-tempo-7w6kq2pp9-gcolumbina25s-projects.vercel.app/favicon.ico,GET,,500,fh8bb-1770689761581-4059c04d2b83,vercel-favicon/1.0,error,production,main,MISS,function,/favicon.ico,validacao-tempo-7w6kq2pp9-gcolumbina25s-projects.vercel.app,validacao-tempo-7w6kq2pp9-gcolumbina25s-projects.vercel.app,dpl_5TVC9o7u1ShfM7bxkHv2giDqofUM,,,,,"Error importing app.py:
Traceback (most recent call last):
File ""/var/task/_vendor/vercel_runtime/vc_init.py"", line 238, in <module>
__vc_spec.loader.exec_module(__vc_module)
File ""<frozen importlib._bootstrap_external>"", line 999, in exec_module
File ""<frozen importlib._bootstrap>"", line 488, in _call_with_frames_removed
File ""/var/task/app.py"", line 484, in <module>
db_init()
File ""/var/task/db_layer.py"", line 185, in init_db
with get_connection() as conn:  # type: Connection
^^^^^^^^^^^^^^^^
File ""/var/task/db_layer.py"", line 177, in get_connection
DATA_DIR.mkdir(parents=True, exist_ok=True)
File ""/var/lang/lib/python3.12/pathlib.py"", line 1311, in mkdir
os.mkdir(self, mode)
OSError: [Errno 30] Read-only file system: '/var/task/dados'
Python process exited with exit status: 1. The logs above can help with debugging the issue.",prj_lVvLvhDy5Su5BqXQzc0KlHQ6nCtI,,,,,
2026-02-10 02:16:01,1770689761581,validacao-tempo-7w6kq2pp9-gcolumbina25s-projects.vercel.app/favicon.ico,GET,,500,fh8bb-1770689761581-4059c04d2b83,vercel-favicon/1.0,,production,main,MISS,function,/,validacao-tempo-7w6kq2pp9-gcolumbina25s-projects.vercel.app,validacao-tempo-7w6kq2pp9-gcolumbina25s-projects.vercel.app,dpl_5TVC9o7u1ShfM7bxkHv2giDqofUM,977,iad1,-1,2048,,prj_lVvLvhDy5Su5BqXQzc0KlHQ6nCtI,,,01KH2NB4B22C5ZPPPKSPBB8AKR,,-1
2026-02-10 02:16:00,1770689760524,validacao-tempo-7w6kq2pp9-gcolumbina25s-projects.vercel.app/favicon.ico,GET,,,p4cch-1770689759430-e9f2faa3f3e1,vercel-favicon/1.0,error,production,main,,function,,validacao-tempo-7w6kq2pp9-gcolumbina25s-projects.vercel.app,validacao-tempo-7w6kq2pp9-gcolumbina25s-projects.vercel.app,dpl_5TVC9o7u1ShfM7bxkHv2giDqofUM,,,,,"Error importing app.py:
Traceback (most recent call last):
File ""/var/task/_vendor/vercel_runtime/vc_init.py"", line 238, in <module>
__vc_spec.loader.exec_module(__vc_module)
File ""<frozen importlib._bootstrap_external>"", line 999, in exec_module
File ""<frozen importlib._bootstrap>"", line 488, in _call_with_frames_removed
File ""/var/task/app.py"", line 484, in <module>
db_init()
File ""/var/task/db_layer.py"", line 185, in init_db
with get_connection() as conn:  # type: Connection
^^^^^^^^^^^^^^^^
File ""/var/task/db_layer.py"", line 177, in get_connection
DATA_DIR.mkdir(parents=True, exist_ok=True)
File ""/var/lang/lib/python3.12/pathlib.py"", line 1311, in mkdir
os.mkdir(self, mode)
OSError: [Errno 30] Read-only file system: '/var/task/dados'
Python process exited with exit status: 1. The logs above can help with debugging the issue.",prj_lVvLvhDy5Su5BqXQzc0KlHQ6nCtI,,,,,
2026-02-10 02:15:59,1770689759430,validacao-tempo-7w6kq2pp9-gcolumbina25s-projects.vercel.app/favicon.ico,GET,,,p4cch-1770689759430-e9f2faa3f3e1,vercel-favicon/1.0,,production,main,,function,/,validacao-tempo-7w6kq2pp9-gcolumbina25s-projects.vercel.app,validacao-tempo-7w6kq2pp9-gcolumbina25s-projects.vercel.app,dpl_5TVC9o7u1ShfM7bxkHv2giDqofUM,950,iad1,-1,2048,,prj_lVvLvhDy5Su5BqXQzc0KlHQ6nCtI,,,01KH2NB2A500JFTAFBH6G59KJW,,-1
2026-02-10 02:15:59,1770689759323,validacao-tempo-7w6kq2pp9-gcolumbina25s-projects.vercel.app/,GET,,500,sp7xm-1770689758307-341dd6c1455e,vercel-favicon/1.0,error,production,main,MISS,function,/,validacao-tempo-7w6kq2pp9-gcolumbina25s-projects.vercel.app,validacao-tempo-7w6kq2pp9-gcolumbina25s-projects.vercel.app,dpl_5TVC9o7u1ShfM7bxkHv2giDqofUM,,,,,"Error importing app.py:
Traceback (most recent call last):
File ""/var/task/_vendor/vercel_runtime/vc_init.py"", line 238, in <module>
__vc_spec.loader.exec_module(__vc_module)
File ""<frozen importlib._bootstrap_external>"", line 999, in exec_module
File ""<frozen importlib._bootstrap>"", line 488, in _call_with_frames_removed
File ""/var/task/app.py"", line 484, in <module>
db_init()
File ""/var/task/db_layer.py"", line 185, in init_db
with get_connection() as conn:  # type: Connection
^^^^^^^^^^^^^^^^
File ""/var/task/db_layer.py"", line 177, in get_connection
DATA_DIR.mkdir(parents=True, exist_ok=True)
File ""/var/lang/lib/python3.12/pathlib.py"", line 1311, in mkdir
os.mkdir(self, mode)
OSError: [Errno 30] Read-only file system: '/var/task/dados'
Python process exited with exit status: 1. The logs above can help with debugging the issue.",prj_lVvLvhDy5Su5BqXQzc0KlHQ6nCtI,,,,,
2026-02-10 02:15:58,1770689758307,validacao-tempo-7w6kq2pp9-gcolumbina25s-projects.vercel.app/,GET,,500,sp7xm-1770689758307-341dd6c1455e,vercel-favicon/1.0,,production,main,MISS,function,/,validacao-tempo-7w6kq2pp9-gcolumbina25s-projects.vercel.app,validacao-tempo-7w6kq2pp9-gcolumbina25s-projects.vercel.app,dpl_5TVC9o7u1ShfM7bxkHv2giDqofUM,961,iad1,-1,2048,,prj_lVvLvhDy5Su5BqXQzc0KlHQ6nCtI,,,01KH2NB149E429PCW3ZKNRA8ZV,,-1
2026-02-10 02:15:57,1770689757686,validacao-tempo-7w6kq2pp9-gcolumbina25s-projects.vercel.app/favicon.ico,GET,,500,vrczf-1770689756677-f3cd40114418,vercel-screenshot/1.0,error,production,main,MISS,function,/favicon.ico,validacao-tempo-7w6kq2pp9-gcolumbina25s-projects.vercel.app,validacao-tempo-7w6kq2pp9-gcolumbina25s-projects.vercel.app,dpl_5TVC9o7u1ShfM7bxkHv2giDqofUM,,,,,"Error importing app.py:
Traceback (most recent call last):
File ""/var/task/_vendor/vercel_runtime/vc_init.py"", line 238, in <module>
__vc_spec.loader.exec_module(__vc_module)
File ""<frozen importlib._bootstrap_external>"", line 999, in exec_module
File ""<frozen importlib._bootstrap>"", line 488, in _call_with_frames_removed
File ""/var/task/app.py"", line 484, in <module>
db_init()
File ""/var/task/db_layer.py"", line 185, in init_db
with get_connection() as conn:  # type: Connection
^^^^^^^^^^^^^^^^
File ""/var/task/db_layer.py"", line 177, in get_connection
DATA_DIR.mkdir(parents=True, exist_ok=True)
File ""/var/lang/lib/python3.12/pathlib.py"", line 1311, in mkdir
os.mkdir(self, mode)
OSError: [Errno 30] Read-only file system: '/var/task/dados'
Python process exited with exit status: 1. The logs above can help with debugging the issue.",prj_lVvLvhDy5Su5BqXQzc0KlHQ6nCtI,,,,,
2026-02-10 02:15:56,1770689756677,validacao-tempo-7w6kq2pp9-gcolumbina25s-projects.vercel.app/favicon.ico,GET,,500,vrczf-1770689756677-f3cd40114418,vercel-screenshot/1.0,,production,main,MISS,function,/,validacao-tempo-7w6kq2pp9-gcolumbina25s-projects.vercel.app,validacao-tempo-7w6kq2pp9-gcolumbina25s-projects.vercel.app,dpl_5TVC9o7u1ShfM7bxkHv2giDqofUM,955,iad1,-1,2048,,prj_lVvLvhDy5Su5BqXQzc0KlHQ6nCtI,,,01KH2NAZHAHDCB7RG8EZF9ZW3F,,-1
2026-02-10 02:15:57,1770689757608,validacao-tempo-7w6kq2pp9-gcolumbina25s-projects.vercel.app/favicon.ico,GET,,500,zl4nw-1770689756654-26ff324f1099,vercel-screenshot/1.0,error,production,main,MISS,function,/favicon.ico,validacao-tempo-7w6kq2pp9-gcolumbina25s-projects.vercel.app,validacao-tempo-7w6kq2pp9-gcolumbina25s-projects.vercel.app,dpl_5TVC9o7u1ShfM7bxkHv2giDqofUM,,,,,"Error importing app.py:
Traceback (most recent call last):
File ""/var/task/_vendor/vercel_runtime/vc_init.py"", line 238, in <module>
__vc_spec.loader.exec_module(__vc_module)
File ""<frozen importlib._bootstrap_external>"", line 999, in exec_module
File ""<frozen importlib._bootstrap>"", line 488, in _call_with_frames_removed
File ""/var/task/app.py"", line 484, in <module>
db_init()
File ""/var/task/db_layer.py"", line 185, in init_db
with get_connection() as conn:  # type: Connection
^^^^^^^^^^^^^^^^
File ""/var/task/db_layer.py"", line 177, in get_connection
DATA_DIR.mkdir(parents=True, exist_ok=True)
File ""/var/lang/lib/python3.12/pathlib.py"", line 1311, in mkdir
os.mkdir(self, mode)
OSError: [Errno 30] Read-only file system: '/var/task/dados'
Python process exited with exit status: 1. The logs above can help with debugging the issue.",prj_lVvLvhDy5Su5BqXQzc0KlHQ6nCtI,,,,,
2026-02-10 02:15:56,1770689756654,validacao-tempo-7w6kq2pp9-gcolumbina25s-projects.vercel.app/favicon.ico,GET,,500,zl4nw-1770689756654-26ff324f1099,vercel-screenshot/1.0,,production,main,MISS,function,/,validacao-tempo-7w6kq2pp9-gcolumbina25s-projects.vercel.app,validacao-tempo-7w6kq2pp9-gcolumbina25s-projects.vercel.app,dpl_5TVC9o7u1ShfM7bxkHv2giDqofUM,900,iad1,-1,2048,,prj_lVvLvhDy5Su5BqXQzc0KlHQ6nCtI,,,01KH2NAZGK8P47HZ9J2P88SP2S,,-1
2026-02-10 02:15:57,1770689757264,validacao-tempo-7w6kq2pp9-gcolumbina25s-projects.vercel.app/,GET,,500,vs265-1770689756187-35afec5d5dd2,vercel-favicon/1.0,error,production,main,MISS,function,/,validacao-tempo-7w6kq2pp9-gcolumbina25s-projects.vercel.app,validacao-tempo-7w6kq2pp9-gcolumbina25s-projects.vercel.app,dpl_5TVC9o7u1ShfM7bxkHv2giDqofUM,,,,,"Error importing app.py:
Traceback (most recent call last):
File ""/var/task/_vendor/vercel_runtime/vc_init.py"", line 238, in <module>
__vc_spec.loader.exec_module(__vc_module)
File ""<frozen importlib._bootstrap_external>"", line 999, in exec_module
File ""<frozen importlib._bootstrap>"", line 488, in _call_with_frames_removed
File ""/var/task/app.py"", line 484, in <module>
db_init()
File ""/var/task/db_layer.py"", line 185, in init_db
with get_connection() as conn:  # type: Connection
^^^^^^^^^^^^^^^^
File ""/var/task/db_layer.py"", line 177, in get_connection
DATA_DIR.mkdir(parents=True, exist_ok=True)
File ""/var/lang/lib/python3.12/pathlib.py"", line 1311, in mkdir
os.mkdir(self, mode)
OSError: [Errno 30] Read-only file system: '/var/task/dados'
Python process exited with exit status: 1. The logs above can help with debugging the issue.",prj_lVvLvhDy5Su5BqXQzc0KlHQ6nCtI,,,,,
2026-02-10 02:15:56,1770689756187,validacao-tempo-7w6kq2pp9-gcolumbina25s-projects.vercel.app/,GET,,500,vs265-1770689756187-35afec5d5dd2,vercel-favicon/1.0,,production,main,MISS,function,/,validacao-tempo-7w6kq2pp9-gcolumbina25s-projects.vercel.app,validacao-tempo-7w6kq2pp9-gcolumbina25s-projects.vercel.app,dpl_5TVC9o7u1ShfM7bxkHv2giDqofUM,1014,iad1,-1,2048,,prj_lVvLvhDy5Su5BqXQzc0KlHQ6nCtI,,,01KH2NAZ25ZE2QHKWX71QCM07X,,-1
2026-02-10 02:15:56,1770689756613,validacao-tempo-7w6kq2pp9-gcolumbina25s-projects.vercel.app/,GET,,,2qksv-1770689755649-d44a3ace5638,vercel-screenshot/1.0,error,production,main,,function,,validacao-tempo-7w6kq2pp9-gcolumbina25s-projects.vercel.app,validacao-tempo-7w6kq2pp9-gcolumbina25s-projects.vercel.app,dpl_5TVC9o7u1ShfM7bxkHv2giDqofUM,,,,,"Error importing app.py:
Traceback (most recent call last):
File ""/var/task/_vendor/vercel_runtime/vc_init.py"", line 238, in <module>
__vc_spec.loader.exec_module(__vc_module)
File ""<frozen importlib._bootstrap_external>"", line 999, in exec_module
File ""<frozen importlib._bootstrap>"", line 488, in _call_with_frames_removed
File ""/var/task/app.py"", line 484, in <module>
db_init()
File ""/var/task/db_layer.py"", line 185, in init_db
with get_connection() as conn:  # type: Connection
^^^^^^^^^^^^^^^^
File ""/var/task/db_layer.py"", line 177, in get_connection
DATA_DIR.mkdir(parents=True, exist_ok=True)
File ""/var/lang/lib/python3.12/pathlib.py"", line 1311, in mkdir
os.mkdir(self, mode)
OSError: [Errno 30] Read-only file system: '/var/task/dados'
Python process exited with exit status: 1. The logs above can help with debugging the issue.",prj_lVvLvhDy5Su5BqXQzc0KlHQ6nCtI,,,,,
2026-02-10 02:15:55,1770689755649,validacao-tempo-7w6kq2pp9-gcolumbina25s-projects.vercel.app/,GET,,,2qksv-1770689755649-d44a3ace5638,vercel-screenshot/1.0,,production,main,,function,/,validacao-tempo-7w6kq2pp9-gcolumbina25s-projects.vercel.app,validacao-tempo-7w6kq2pp9-gcolumbina25s-projects.vercel.app,dpl_5TVC9o7u1ShfM7bxkHv2giDqofUM,909,iad1,-1,2048,,prj_lVvLvhDy5Su5BqXQzc0KlHQ6nCtI,,,01KH2NAYH64MYX880W2GWCEC5T,,-1
2026-02-10 02:15:56,1770689756590,validacao-tempo-7w6kq2pp9-gcolumbina25s-projects.vercel.app/,GET,,500,jhbrp-1770689755566-e53f7dede8d7,vercel-screenshot/1.0,error,production,main,MISS,function,/,validacao-tempo-7w6kq2pp9-gcolumbina25s-projects.vercel.app,validacao-tempo-7w6kq2pp9-gcolumbina25s-projects.vercel.app,dpl_5TVC9o7u1ShfM7bxkHv2giDqofUM,,,,,"Error importing app.py:
Traceback (most recent call last):
File ""/var/task/_vendor/vercel_runtime/vc_init.py"", line 238, in <module>
__vc_spec.loader.exec_module(__vc_module)
File ""<frozen importlib._bootstrap_external>"", line 999, in exec_module
File ""<frozen importlib._bootstrap>"", line 488, in _call_with_frames_removed
File ""/var/task/app.py"", line 484, in <module>
db_init()
File ""/var/task/db_layer.py"", line 185, in init_db
with get_connection() as conn:  # type: Connection
^^^^^^^^^^^^^^^^
File ""/var/task/db_layer.py"", line 177, in get_connection
DATA_DIR.mkdir(parents=True, exist_ok=True)
File ""/var/lang/lib/python3.12/pathlib.py"", line 1311, in mkdir
os.mkdir(self, mode)
OSError: [Errno 30] Read-only file system: '/var/task/dados'
Python process exited with exit status: 1. The logs above can help with debugging the issue.",prj_lVvLvhDy5Su5BqXQzc0KlHQ6nCtI,,,,,
2026-02-10 02:15:55,1770689755566,validacao-tempo-7w6kq2pp9-gcolumbina25s-projects.vercel.app/,GET,,500,jhbrp-1770689755566-e53f7dede8d7,vercel-screenshot/1.0,,production,main,MISS,function,/,validacao-tempo-7w6kq2pp9-gcolumbina25s-projects.vercel.app,validacao-tempo-7w6kq2pp9-gcolumbina25s-projects.vercel.app,dpl_5TVC9o7u1ShfM7bxkHv2giDqofUM,969,iad1,-1,2048,,prj_lVvLvhDy5Su5BqXQzc0KlHQ6nCtI,,,01KH2NAYEP74S324Z0FPF5SRMD,,-1
2026-02-10 02:15:56,1770689756426,validacao-tempo-7w6kq2pp9-gcolumbina25s-projects.vercel.app/,GET,,500,wxbzq-1770689755449-6174bb0d00bc,"Mozilla/5.0 (X11; Linux x86_64) AppleWebKit/537.36 (KHTML, like Gecko) HeadlessChrome/141.0.7390.0 Safari/537.36",error,production,main,MISS,function,/,validacao-tempo-7w6kq2pp9-gcolumbina25s-projects.vercel.app,validacao-tempo-7w6kq2pp9-gcolumbina25s-projects.vercel.app,dpl_5TVC9o7u1ShfM7bxkHv2giDqofUM,,,,,"Error importing app.py:
Traceback (most recent call last):
File ""/var/task/_vendor/vercel_runtime/vc_init.py"", line 238, in <module>
__vc_spec.loader.exec_module(__vc_module)
File ""<frozen importlib._bootstrap_external>"", line 999, in exec_module
File ""<frozen importlib._bootstrap>"", line 488, in _call_with_frames_removed
File ""/var/task/app.py"", line 484, in <module>
db_init()
File ""/var/task/db_layer.py"", line 185, in init_db
with get_connection() as conn:  # type: Connection
^^^^^^^^^^^^^^^^
File ""/var/task/db_layer.py"", line 177, in get_connection
DATA_DIR.mkdir(parents=True, exist_ok=True)
File ""/var/lang/lib/python3.12/pathlib.py"", line 1311, in mkdir
os.mkdir(self, mode)
OSError: [Errno 30] Read-only file system: '/var/task/dados'
Python process exited with exit status: 1. The logs above can help with debugging the issue.",prj_lVvLvhDy5Su5BqXQzc0KlHQ6nCtI,,,,,
2026-02-10 02:15:55,1770689755449,validacao-tempo-7w6kq2pp9-gcolumbina25s-projects.vercel.app/,GET,,500,wxbzq-1770689755449-6174bb0d00bc,"Mozilla/5.0 (X11; Linux x86_64) AppleWebKit/537.36 (KHTML, like Gecko) HeadlessChrome/141.0.7390.0 Safari/537.36",,production,main,MISS,function,/,validacao-tempo-7w6kq2pp9-gcolumbina25s-projects.vercel.app,validacao-tempo-7w6kq2pp9-gcolumbina25s-projects.vercel.app,dpl_5TVC9o7u1ShfM7bxkHv2giDqofUM,923,iad1,-1,2048,,prj_lVvLvhDy5Su5BqXQzc0KlHQ6nCtI,,,01KH2NAYAYPA3R174QTY8T0KAY,,-1
2026-02-10 02:15:56,1770689756128,validacao-tempo-7w6kq2pp9-gcolumbina25s-projects.vercel.app/,GET,,,8k84z-1770689755093-97fa46990780,"Mozilla/5.0 (X11; Linux x86_64) AppleWebKit/537.36 (KHTML, like Gecko) HeadlessChrome/141.0.7390.0 Safari/537.36",error,production,main,,function,,validacao-tempo-7w6kq2pp9-gcolumbina25s-projects.vercel.app,validacao-tempo-7w6kq2pp9-gcolumbina25s-projects.vercel.app,dpl_5TVC9o7u1ShfM7bxkHv2giDqofUM,,,,,"Error importing app.py:
Traceback (most recent call last):
File ""/var/task/_vendor/vercel_runtime/vc_init.py"", line 238, in <module>
__vc_spec.loader.exec_module(__vc_module)
File ""<frozen importlib._bootstrap_external>"", line 999, in exec_module
File ""<frozen importlib._bootstrap>"", line 488, in _call_with_frames_removed
File ""/var/task/app.py"", line 484, in <module>
db_init()
File ""/var/task/db_layer.py"", line 185, in init_db
with get_connection() as conn:  # type: Connection
^^^^^^^^^^^^^^^^
File ""/var/task/db_layer.py"", line 177, in get_connection
DATA_DIR.mkdir(parents=True, exist_ok=True)
File ""/var/lang/lib/python3.12/pathlib.py"", line 1311, in mkdir
os.mkdir(self, mode)
OSError: [Errno 30] Read-only file system: '/var/task/dados'
Python process exited with exit status: 1. The logs above can help with debugging the issue.",prj_lVvLvhDy5Su5BqXQzc0KlHQ6nCtI,,,,,
2026-02-10 02:15:55,1770689755093,validacao-tempo-7w6kq2pp9-gcolumbina25s-projects.vercel.app/,GET,,,8k84z-1770689755093-97fa46990780,"Mozilla/5.0 (X11; Linux x86_64) AppleWebKit/537.36 (KHTML, like Gecko) HeadlessChrome/141.0.7390.0 Safari/537.36",,production,main,,function,/,validacao-tempo-7w6kq2pp9-gcolumbina25s-projects.vercel.app,validacao-tempo-7w6kq2pp9-gcolumbina25s-projects.vercel.app,dpl_5TVC9o7u1ShfM7bxkHv2giDqofUM,971,iad1,-1,2048,,prj_lVvLvhDy5Su5BqXQzc0KlHQ6nCtI,,,01KH2NAXZTAAW7G02SM5A0W5PG,,-1
2026-02-10 02:15:55,1770689755748,validacao-tempo-7w6kq2pp9-gcolumbina25s-projects.vercel.app/,GET,,500,62nbj-1770689753203-0e4d9c52fe9c,"Mozilla/5.0 (X11; Linux x86_64) AppleWebKit/537.36 (KHTML, like Gecko) HeadlessChrome/141.0.7390.0 Safari/537.36",error,production,main,MISS,function,/,validacao-tempo-7w6kq2pp9-gcolumbina25s-projects.vercel.app,validacao-tempo-7w6kq2pp9-gcolumbina25s-projects.vercel.app,dpl_5TVC9o7u1ShfM7bxkHv2giDqofUM,,,,,"Error importing app.py:
Traceback (most recent call last):
File ""/var/task/_vendor/vercel_runtime/vc_init.py"", line 238, in <module>
__vc_spec.loader.exec_module(__vc_module)
File ""<frozen importlib._bootstrap_external>"", line 999, in exec_module
File ""<frozen importlib._bootstrap>"", line 488, in _call_with_frames_removed
File ""/var/task/app.py"", line 484, in <module>
db_init()
File ""/var/task/db_layer.py"", line 185, in init_db
with get_connection() as conn:  # type: Connection
^^^^^^^^^^^^^^^^
File ""/var/task/db_layer.py"", line 177, in get_connection
DATA_DIR.mkdir(parents=True, exist_ok=True)
File ""/var/lang/lib/python3.12/pathlib.py"", line 1311, in mkdir
os.mkdir(self, mode)
OSError: [Errno 30] Read-only file system: '/var/task/dados'
Python process exited with exit status: 1. The logs above can help with debugging the issue.
Error importing app.py:
Traceback (most recent call last):
File ""/var/task/_vendor/vercel_runtime/vc_init.py"", line 238, in <module>
__vc_spec.loader.exec_module(__vc_module)
File ""<frozen importlib._bootstrap_external>"", line 999, in exec_module
File ""<frozen importlib._bootstrap>"", line 488, in _call_with_frames_removed
File ""/var/task/app.py"", line 484, in <module>
db_init()
File ""/var/task/db_layer.py"", line 185, in init_db
with get_connection() as conn:  # type: Connection
^^^^^^^^^^^^^^^^
File ""/var/task/db_layer.py"", line 177, in get_connection
DATA_DIR.mkdir(parents=True, exist_ok=True)
File ""/var/lang/lib/python3.12/pathlib.py"", line 1311, in mkdir
os.mkdir(self, mode)
OSError: [Errno 30] Read-only file system: '/var/task/dados'
Python process exited with exit status: 1. The logs above can help with debugging the issue.",prj_lVvLvhDy5Su5BqXQzc0KlHQ6nCtI,,,,,
2026-02-10 02:15:53,1770689753203,validacao-tempo-7w6kq2pp9-gcolumbina25s-projects.vercel.app/,GET,,500,62nbj-1770689753203-0e4d9c52fe9c,"Mozilla/5.0 (X11; Linux x86_64) AppleWebKit/537.36 (KHTML, like Gecko) HeadlessChrome/141.0.7390.0 Safari/537.36",,production,main,MISS,function,/,validacao-tempo-7w6kq2pp9-gcolumbina25s-projects.vercel.app,validacao-tempo-7w6kq2pp9-gcolumbina25s-projects.vercel.app,dpl_5TVC9o7u1ShfM7bxkHv2giDqofUM,1023,iad1,-1,2048,,prj_lVvLvhDy5Su5BqXQzc0KlHQ6nCtI,,,01KH2NAW7QXM183KJRY26KA4QM,,-1
2026-02-10 02:15:55,1770689755445,validacao-tempo-7w6kq2pp9-gcolumbina25s-projects.vercel.app/,GET,,500,fplpp-1770689753167-846fe0beaf8a,vercel-screenshot/1.0,error,production,main,MISS,function,/,validacao-tempo-7w6kq2pp9-gcolumbina25s-projects.vercel.app,validacao-tempo-7w6kq2pp9-gcolumbina25s-projects.vercel.app,dpl_5TVC9o7u1ShfM7bxkHv2giDqofUM,,,,,"Error importing app.py:
Traceback (most recent call last):
File ""/var/task/_vendor/vercel_runtime/vc_init.py"", line 238, in <module>
__vc_spec.loader.exec_module(__vc_module)
File ""<frozen importlib._bootstrap_external>"", line 999, in exec_module
File ""<frozen importlib._bootstrap>"", line 488, in _call_with_frames_removed
File ""/var/task/app.py"", line 484, in <module>
db_init()
File ""/var/task/db_layer.py"", line 185, in init_db
with get_connection() as conn:  # type: Connection
^^^^^^^^^^^^^^^^
File ""/var/task/db_layer.py"", line 177, in get_connection
DATA_DIR.mkdir(parents=True, exist_ok=True)
File ""/var/lang/lib/python3.12/pathlib.py"", line 1311, in mkdir
os.mkdir(self, mode)
OSError: [Errno 30] Read-only file system: '/var/task/dados'
Python process exited with exit status: 1. The logs above can help with debugging the issue.
Error importing app.py:
Traceback (most recent call last):
File ""/var/task/_vendor/vercel_runtime/vc_init.py"", line 238, in <module>
__vc_spec.loader.exec_module(__vc_module)
File ""<frozen importlib._bootstrap_external>"", line 999, in exec_module
File ""<frozen importlib._bootstrap>"", line 488, in _call_with_frames_removed
File ""/var/task/app.py"", line 484, in <module>
db_init()
File ""/var/task/db_layer.py"", line 185, in init_db
with get_connection() as conn:  # type: Connection
^^^^^^^^^^^^^^^^
File ""/var/task/db_layer.py"", line 177, in get_connection
DATA_DIR.mkdir(parents=True, exist_ok=True)
File ""/var/lang/lib/python3.12/pathlib.py"", line 1311, in mkdir
os.mkdir(self, mode)
OSError: [Errno 30] Read-only file system: '/var/task/dados'
Python process exited with exit status: 1. The logs above can help with debugging the issue.",prj_lVvLvhDy5Su5BqXQzc0KlHQ6nCtI,,,,,
2026-02-10 02:15:53,1770689753167,validacao-tempo-7w6kq2pp9-gcolumbina25s-projects.vercel.app/,GET,,500,fplpp-1770689753167-846fe0beaf8a,vercel-screenshot/1.0,,production,main,MISS,function,/,validacao-tempo-7w6kq2pp9-gcolumbina25s-projects.vercel.app,validacao-tempo-7w6kq2pp9-gcolumbina25s-projects.vercel.app,dpl_5TVC9o7u1ShfM7bxkHv2giDqofUM,893,iad1,-1,2048,,prj_lVvLvhDy5Su5BqXQzc0KlHQ6nCtI,,,01KH2NAW6H0YHH82Z5BK5D8W24,,-1
2026-02-10 02:15:55,1770689755535,validacao-tempo-7w6kq2pp9-gcolumbina25s-projects.vercel.app/,GET,,500,7ftw7-1770689753116-55edbcee7942,vercel-screenshot/1.0,error,production,main,MISS,function,/,validacao-tempo-7w6kq2pp9-gcolumbina25s-projects.vercel.app,validacao-tempo-7w6kq2pp9-gcolumbina25s-projects.vercel.app,dpl_5TVC9o7u1ShfM7bxkHv2giDqofUM,,,,,"Error importing app.py:
Traceback (most recent call last):
File ""/var/task/_vendor/vercel_runtime/vc_init.py"", line 238, in <module>
__vc_spec.loader.exec_module(__vc_module)
File ""<frozen importlib._bootstrap_external>"", line 999, in exec_module
File ""<frozen importlib._bootstrap>"", line 488, in _call_with_frames_removed
File ""/var/task/app.py"", line 484, in <module>
db_init()
File ""/var/task/db_layer.py"", line 185, in init_db
with get_connection() as conn:  # type: Connection
^^^^^^^^^^^^^^^^
File ""/var/task/db_layer.py"", line 177, in get_connection
DATA_DIR.mkdir(parents=True, exist_ok=True)
File ""/var/lang/lib/python3.12/pathlib.py"", line 1311, in mkdir
os.mkdir(self, mode)
OSError: [Errno 30] Read-only file system: '/var/task/dados'
Python process exited with exit status: 1. The logs above can help with debugging the issue.
Error importing app.py:
Traceback (most recent call last):
File ""/var/task/_vendor/vercel_runtime/vc_init.py"", line 238, in <module>
__vc_spec.loader.exec_module(__vc_module)
File ""<frozen importlib._bootstrap_external>"", line 999, in exec_module
File ""<frozen importlib._bootstrap>"", line 488, in _call_with_frames_removed
File ""/var/task/app.py"", line 484, in <module>
db_init()
File ""/var/task/db_layer.py"", line 185, in init_db
with get_connection() as conn:  # type: Connection
^^^^^^^^^^^^^^^^
File ""/var/task/db_layer.py"", line 177, in get_connection
DATA_DIR.mkdir(parents=True, exist_ok=True)
File ""/var/lang/lib/python3.12/pathlib.py"", line 1311, in mkdir
os.mkdir(self, mode)
OSError: [Errno 30] Read-only file system: '/var/task/dados'
Python process exited with exit status: 1. The logs above can help with debugging the issue.",prj_lVvLvhDy5Su5BqXQzc0KlHQ6nCtI,,,,,
2026-02-10 02:15:53,1770689753116,validacao-tempo-7w6kq2pp9-gcolumbina25s-projects.vercel.app/,GET,,500,7ftw7-1770689753116-55edbcee7942,vercel-screenshot/1.0,,production,main,MISS,function,/,validacao-tempo-7w6kq2pp9-gcolumbina25s-projects.vercel.app,validacao-tempo-7w6kq2pp9-gcolumbina25s-projects.vercel.app,dpl_5TVC9o7u1ShfM7bxkHv2giDqofUM,901,iad1,-1,2048,,prj_lVvLvhDy5Su5BqXQzc0KlHQ6nCtI,,,01KH2NAW9KATPCT3NP8C536Y0S,,-1
2026-02-10 02:15:55,1770689755551,validacao-tempo-7w6kq2pp9-gcolumbina25s-projects.vercel.app/,GET,,500,8tf8f-1770689752953-faea5ea0c029,"Mozilla/5.0 (X11; Linux x86_64) AppleWebKit/537.36 (KHTML, like Gecko) HeadlessChrome/141.0.7390.0 Safari/537.36",error,production,main,MISS,function,/,validacao-tempo-7w6kq2pp9-gcolumbina25s-projects.vercel.app,validacao-tempo-7w6kq2pp9-gcolumbina25s-projects.vercel.app,dpl_5TVC9o7u1ShfM7bxkHv2giDqofUM,,,,,"Error importing app.py:
Traceback (most recent call last):
File ""/var/task/_vendor/vercel_runtime/vc_init.py"", line 238, in <module>
__vc_spec.loader.exec_module(__vc_module)
File ""<frozen importlib._bootstrap_external>"", line 999, in exec_module
File ""<frozen importlib._bootstrap>"", line 488, in _call_with_frames_removed
File ""/var/task/app.py"", line 484, in <module>
db_init()
File ""/var/task/db_layer.py"", line 185, in init_db
with get_connection() as conn:  # type: Connection
^^^^^^^^^^^^^^^^
File ""/var/task/db_layer.py"", line 177, in get_connection
DATA_DIR.mkdir(parents=True, exist_ok=True)
File ""/var/lang/lib/python3.12/pathlib.py"", line 1311, in mkdir
os.mkdir(self, mode)
OSError: [Errno 30] Read-only file system: '/var/task/dados'
Python process exited with exit status: 1. The logs above can help with debugging the issue.
Error importing app.py:
Traceback (most recent call last):
File ""/var/task/_vendor/vercel_runtime/vc_init.py"", line 238, in <module>
__vc_spec.loader.exec_module(__vc_module)
File ""<frozen importlib._bootstrap_external>"", line 999, in exec_module
File ""<frozen importlib._bootstrap>"", line 488, in _call_with_frames_removed
File ""/var/task/app.py"", line 484, in <module>
db_init()
File ""/var/task/db_layer.py"", line 185, in init_db
with get_connection() as conn:  # type: Connection
^^^^^^^^^^^^^^^^
File ""/var/task/db_layer.py"", line 177, in get_connection
DATA_DIR.mkdir(parents=True, exist_ok=True)
File ""/var/lang/lib/python3.12/pathlib.py"", line 1311, in mkdir
os.mkdir(self, mode)
OSError: [Errno 30] Read-only file system: '/var/task/dados'
Python process exited with exit status: 1. The logs above can help with debugging the issue.",prj_lVvLvhDy5Su5BqXQzc0KlHQ6nCtI,,,,,
2026-02-10 02:15:52,1770689752953,validacao-tempo-7w6kq2pp9-gcolumbina25s-projects.vercel.app/,GET,,500,8tf8f-1770689752953-faea5ea0c029,"Mozilla/5.0 (X11; Linux x86_64) AppleWebKit/537.36 (KHTML, like Gecko) HeadlessChrome/141.0.7390.0 Safari/537.36",,production,main,MISS,function,/,validacao-tempo-7w6kq2pp9-gcolumbina25s-projects.vercel.app,validacao-tempo-7w6kq2pp9-gcolumbina25s-projects.vercel.app,dpl_5TVC9o7u1ShfM7bxkHv2giDqofUM,995,iad1,-1,2048,,prj_lVvLvhDy5Su5BqXQzc0KlHQ6nCtI,,,01KH2NAW36C5FCR13MPDW1Q963,,-1
2026-02-10 02:12:18,1770689538786,validacao-tempo-6yourfw2n-gcolumbina25s-projects.vercel.app/favicon.png,GET,,500,vxprd-1770689537763-54d8d5f3eba4,vercel-favicon/1.0,error,production,main,MISS,function,/favicon.png,validacao-tempo-6yourfw2n-gcolumbina25s-projects.vercel.app,validacao-tempo-6yourfw2n-gcolumbina25s-projects.vercel.app,dpl_FduUDZBAnRaJUCYjq4L94w31ayVw,,,,,"Error importing app.py:
Traceback (most recent call last):
File ""/var/task/_vendor/vercel_runtime/vc_init.py"", line 238, in <module>
__vc_spec.loader.exec_module(__vc_module)
File ""<frozen importlib._bootstrap_external>"", line 999, in exec_module
File ""<frozen importlib._bootstrap>"", line 488, in _call_with_frames_removed
File ""/var/task/app.py"", line 484, in <module>
db_init()
File ""/var/task/db_layer.py"", line 185, in init_db
with get_connection() as conn:  # type: Connection
^^^^^^^^^^^^^^^^
File ""/var/task/db_layer.py"", line 177, in get_connection
DATA_DIR.mkdir(parents=True, exist_ok=True)
File ""/var/lang/lib/python3.12/pathlib.py"", line 1311, in mkdir
os.mkdir(self, mode)
OSError: [Errno 30] Read-only file system: '/var/task/dados'
Python process exited with exit status: 1. The logs above can help with debugging the issue.",prj_lVvLvhDy5Su5BqXQzc0KlHQ6nCtI,,,,,
2026-02-10 02:12:17,1770689537763,validacao-tempo-6yourfw2n-gcolumbina25s-projects.vercel.app/favicon.png,GET,,500,vxprd-1770689537763-54d8d5f3eba4,vercel-favicon/1.0,,production,main,MISS,function,/,validacao-tempo-6yourfw2n-gcolumbina25s-projects.vercel.app,validacao-tempo-6yourfw2n-gcolumbina25s-projects.vercel.app,dpl_FduUDZBAnRaJUCYjq4L94w31ayVw,966,iad1,-1,2048,,prj_lVvLvhDy5Su5BqXQzc0KlHQ6nCtI,,,01KH2N49R8J9CNRWVBF6T4PBR0,,-1
2026-02-10 02:12:15,1770689535638,validacao-tempo-6yourfw2n-gcolumbina25s-projects.vercel.app/favicon.png,GET,,500,vrczf-1770689534628-5822e49e2611,vercel-favicon/1.0,error,production,main,MISS,function,/favicon.png,validacao-tempo-6yourfw2n-gcolumbina25s-projects.vercel.app,validacao-tempo-6yourfw2n-gcolumbina25s-projects.vercel.app,dpl_FduUDZBAnRaJUCYjq4L94w31ayVw,,,,,"Error importing app.py:
Traceback (most recent call last):
File ""/var/task/_vendor/vercel_runtime/vc_init.py"", line 238, in <module>
__vc_spec.loader.exec_module(__vc_module)
File ""<frozen importlib._bootstrap_external>"", line 999, in exec_module
File ""<frozen importlib._bootstrap>"", line 488, in _call_with_frames_removed
File ""/var/task/app.py"", line 484, in <module>
db_init()
File ""/var/task/db_layer.py"", line 185, in init_db
with get_connection() as conn:  # type: Connection
^^^^^^^^^^^^^^^^
File ""/var/task/db_layer.py"", line 177, in get_connection
DATA_DIR.mkdir(parents=True, exist_ok=True)
File ""/var/lang/lib/python3.12/pathlib.py"", line 1311, in mkdir
os.mkdir(self, mode)
OSError: [Errno 30] Read-only file system: '/var/task/dados'
Python process exited with exit status: 1. The logs above can help with debugging the issue.",prj_lVvLvhDy5Su5BqXQzc0KlHQ6nCtI,,,,,
2026-02-10 02:12:14,1770689534628,validacao-tempo-6yourfw2n-gcolumbina25s-projects.vercel.app/favicon.png,GET,,500,vrczf-1770689534628-5822e49e2611,vercel-favicon/1.0,,production,main,MISS,function,/,validacao-tempo-6yourfw2n-gcolumbina25s-projects.vercel.app,validacao-tempo-6yourfw2n-gcolumbina25s-projects.vercel.app,dpl_FduUDZBAnRaJUCYjq4L94w31ayVw,957,iad1,-1,2048,,prj_lVvLvhDy5Su5BqXQzc0KlHQ6nCtI,,,01KH2N46P8Z9GQ0PBY61YYAF6P,,-1
2026-02-10 02:12:13,1770689533591,validacao-tempo-6yourfw2n-gcolumbina25s-projects.vercel.app/favicon.png,GET,,500,7lpsr-1770689532589-99582256ba97,vercel-favicon/1.0,error,production,main,MISS,function,/favicon.png,validacao-tempo-6yourfw2n-gcolumbina25s-projects.vercel.app,validacao-tempo-6yourfw2n-gcolumbina25s-projects.vercel.app,dpl_FduUDZBAnRaJUCYjq4L94w31ayVw,,,,,"Error importing app.py:
Traceback (most recent call last):
File ""/var/task/_vendor/vercel_runtime/vc_init.py"", line 238, in <module>
__vc_spec.loader.exec_module(__vc_module)
File ""<frozen importlib._bootstrap_external>"", line 999, in exec_module
File ""<frozen importlib._bootstrap>"", line 488, in _call_with_frames_removed
File ""/var/task/app.py"", line 484, in <module>
db_init()
File ""/var/task/db_layer.py"", line 185, in init_db
with get_connection() as conn:  # type: Connection
^^^^^^^^^^^^^^^^
File ""/var/task/db_layer.py"", line 177, in get_connection
DATA_DIR.mkdir(parents=True, exist_ok=True)
File ""/var/lang/lib/python3.12/pathlib.py"", line 1311, in mkdir
os.mkdir(self, mode)
OSError: [Errno 30] Read-only file system: '/var/task/dados'
Python process exited with exit status: 1. The logs above can help with debugging the issue.",prj_lVvLvhDy5Su5BqXQzc0KlHQ6nCtI,,,,,
2026-02-10 02:12:12,1770689532589,validacao-tempo-6yourfw2n-gcolumbina25s-projects.vercel.app/favicon.png,GET,,500,7lpsr-1770689532589-99582256ba97,vercel-favicon/1.0,,production,main,MISS,function,/,validacao-tempo-6yourfw2n-gcolumbina25s-projects.vercel.app,validacao-tempo-6yourfw2n-gcolumbina25s-projects.vercel.app,dpl_FduUDZBAnRaJUCYjq4L94w31ayVw,948,iad1,-1,2048,,prj_lVvLvhDy5Su5BqXQzc0KlHQ6nCtI,,,01KH2N44PJ4FNBTVJDK3S51Q72,,-1
2026-02-10 02:12:12,1770689532555,validacao-tempo-6yourfw2n-gcolumbina25s-projects.vercel.app/favicon.ico,GET,,,s6rgb-1770689531507-1bf8ba79558d,vercel-favicon/1.0,error,production,main,,function,,validacao-tempo-6yourfw2n-gcolumbina25s-projects.vercel.app,validacao-tempo-6yourfw2n-gcolumbina25s-projects.vercel.app,dpl_FduUDZBAnRaJUCYjq4L94w31ayVw,,,,,"Error importing app.py:
Traceback (most recent call last):
File ""/var/task/_vendor/vercel_runtime/vc_init.py"", line 238, in <module>
__vc_spec.loader.exec_module(__vc_module)
File ""<frozen importlib._bootstrap_external>"", line 999, in exec_module
File ""<frozen importlib._bootstrap>"", line 488, in _call_with_frames_removed
File ""/var/task/app.py"", line 484, in <module>
db_init()
File ""/var/task/db_layer.py"", line 185, in init_db
with get_connection() as conn:  # type: Connection
^^^^^^^^^^^^^^^^
File ""/var/task/db_layer.py"", line 177, in get_connection
DATA_DIR.mkdir(parents=True, exist_ok=True)
File ""/var/lang/lib/python3.12/pathlib.py"", line 1311, in mkdir
os.mkdir(self, mode)
OSError: [Errno 30] Read-only file system: '/var/task/dados'
Python process exited with exit status: 1. The logs above can help with debugging the issue.",prj_lVvLvhDy5Su5BqXQzc0KlHQ6nCtI,,,,,
2026-02-10 02:12:11,1770689531507,validacao-tempo-6yourfw2n-gcolumbina25s-projects.vercel.app/favicon.ico,GET,,,s6rgb-1770689531507-1bf8ba79558d,vercel-favicon/1.0,,production,main,,function,/,validacao-tempo-6yourfw2n-gcolumbina25s-projects.vercel.app,validacao-tempo-6yourfw2n-gcolumbina25s-projects.vercel.app,dpl_FduUDZBAnRaJUCYjq4L94w31ayVw,978,iad1,-1,2048,,prj_lVvLvhDy5Su5BqXQzc0KlHQ6nCtI,,,01KH2N43N8N6KMK84YT2KBXWGF,,-1
2026-02-10 02:12:10,1770689530574,validacao-tempo-6yourfw2n-gcolumbina25s-projects.vercel.app/favicon.png,GET,,500,lht22-1770689529540-6748e94f5d69,vercel-favicon/1.0,error,production,main,MISS,function,/favicon.png,validacao-tempo-6yourfw2n-gcolumbina25s-projects.vercel.app,validacao-tempo-6yourfw2n-gcolumbina25s-projects.vercel.app,dpl_FduUDZBAnRaJUCYjq4L94w31ayVw,,,,,"Error importing app.py:
Traceback (most recent call last):
File ""/var/task/_vendor/vercel_runtime/vc_init.py"", line 238, in <module>
__vc_spec.loader.exec_module(__vc_module)
File ""<frozen importlib._bootstrap_external>"", line 999, in exec_module
File ""<frozen importlib._bootstrap>"", line 488, in _call_with_frames_removed
File ""/var/task/app.py"", line 484, in <module>
db_init()
File ""/var/task/db_layer.py"", line 185, in init_db
with get_connection() as conn:  # type: Connection
^^^^^^^^^^^^^^^^
File ""/var/task/db_layer.py"", line 177, in get_connection
DATA_DIR.mkdir(parents=True, exist_ok=True)
File ""/var/lang/lib/python3.12/pathlib.py"", line 1311, in mkdir
os.mkdir(self, mode)
OSError: [Errno 30] Read-only file system: '/var/task/dados'
Python process exited with exit status: 1. The logs above can help with debugging the issue.",prj_lVvLvhDy5Su5BqXQzc0KlHQ6nCtI,,,,,
2026-02-10 02:12:09,1770689529540,validacao-tempo-6yourfw2n-gcolumbina25s-projects.vercel.app/favicon.png,GET,,500,lht22-1770689529540-6748e94f5d69,vercel-favicon/1.0,,production,main,MISS,function,/,validacao-tempo-6yourfw2n-gcolumbina25s-projects.vercel.app,validacao-tempo-6yourfw2n-gcolumbina25s-projects.vercel.app,dpl_FduUDZBAnRaJUCYjq4L94w31ayVw,955,iad1,-1,2048,,prj_lVvLvhDy5Su5BqXQzc0KlHQ6nCtI,,,01KH2N41R1Z5BWRMAS26KKWEDF,,-1
2026-02-10 02:12:09,1770689529400,validacao-tempo-6yourfw2n-gcolumbina25s-projects.vercel.app/favicon.ico,GET,,500,jm7ll-1770689528370-b2969ee952cc,vercel-favicon/1.0,error,production,main,MISS,function,/favicon.ico,validacao-tempo-6yourfw2n-gcolumbina25s-projects.vercel.app,validacao-tempo-6yourfw2n-gcolumbina25s-projects.vercel.app,dpl_FduUDZBAnRaJUCYjq4L94w31ayVw,,,,,"Error importing app.py:
Traceback (most recent call last):
File ""/var/task/_vendor/vercel_runtime/vc_init.py"", line 238, in <module>
__vc_spec.loader.exec_module(__vc_module)
File ""<frozen importlib._bootstrap_external>"", line 999, in exec_module
File ""<frozen importlib._bootstrap>"", line 488, in _call_with_frames_removed
File ""/var/task/app.py"", line 484, in <module>
db_init()
File ""/var/task/db_layer.py"", line 185, in init_db
with get_connection() as conn:  # type: Connection
^^^^^^^^^^^^^^^^
File ""/var/task/db_layer.py"", line 177, in get_connection
DATA_DIR.mkdir(parents=True, exist_ok=True)
File ""/var/lang/lib/python3.12/pathlib.py"", line 1311, in mkdir
os.mkdir(self, mode)
OSError: [Errno 30] Read-only file system: '/var/task/dados'
Python process exited with exit status: 1. The logs above can help with debugging the issue.",prj_lVvLvhDy5Su5BqXQzc0KlHQ6nCtI,,,,,
2026-02-10 02:12:08,1770689528370,validacao-tempo-6yourfw2n-gcolumbina25s-projects.vercel.app/favicon.ico,GET,,500,jm7ll-1770689528370-b2969ee952cc,vercel-favicon/1.0,,production,main,MISS,function,/,validacao-tempo-6yourfw2n-gcolumbina25s-projects.vercel.app,validacao-tempo-6yourfw2n-gcolumbina25s-projects.vercel.app,dpl_FduUDZBAnRaJUCYjq4L94w31ayVw,969,iad1,-1,2048,,prj_lVvLvhDy5Su5BqXQzc0KlHQ6nCtI,,,01KH2N40JS9CT8HNEXMBGJF1R2,,-1
2026-02-10 02:12:07,1770689527442,validacao-tempo-6yourfw2n-gcolumbina25s-projects.vercel.app/favicon.png,GET,,500,jhzzw-1770689526428-afda6a2b4602,vercel-favicon/1.0,error,production,main,MISS,function,/favicon.png,validacao-tempo-6yourfw2n-gcolumbina25s-projects.vercel.app,validacao-tempo-6yourfw2n-gcolumbina25s-projects.vercel.app,dpl_FduUDZBAnRaJUCYjq4L94w31ayVw,,,,,"Error importing app.py:
Traceback (most recent call last):
File ""/var/task/_vendor/vercel_runtime/vc_init.py"", line 238, in <module>
__vc_spec.loader.exec_module(__vc_module)
File ""<frozen importlib._bootstrap_external>"", line 999, in exec_module
File ""<frozen importlib._bootstrap>"", line 488, in _call_with_frames_removed
File ""/var/task/app.py"", line 484, in <module>
db_init()
File ""/var/task/db_layer.py"", line 185, in init_db
with get_connection() as conn:  # type: Connection
^^^^^^^^^^^^^^^^
File ""/var/task/db_layer.py"", line 177, in get_connection
DATA_DIR.mkdir(parents=True, exist_ok=True)
File ""/var/lang/lib/python3.12/pathlib.py"", line 1311, in mkdir
os.mkdir(self, mode)
OSError: [Errno 30] Read-only file system: '/var/task/dados'
Python process exited with exit status: 1. The logs above can help with debugging the issue.",prj_lVvLvhDy5Su5BqXQzc0KlHQ6nCtI,,,,,
2026-02-10 02:12:06,1770689526428,validacao-tempo-6yourfw2n-gcolumbina25s-projects.vercel.app/favicon.png,GET,,500,jhzzw-1770689526428-afda6a2b4602,vercel-favicon/1.0,,production,main,MISS,function,/,validacao-tempo-6yourfw2n-gcolumbina25s-projects.vercel.app,validacao-tempo-6yourfw2n-gcolumbina25s-projects.vercel.app,dpl_FduUDZBAnRaJUCYjq4L94w31ayVw,960,iad1,-1,2048,,prj_lVvLvhDy5Su5BqXQzc0KlHQ6nCtI,,,01KH2N3YP1EJ3XV5Z4QPJAEA99,,-1
2026-02-10 02:12:07,1770689527313,validacao-tempo-6yourfw2n-gcolumbina25s-projects.vercel.app/favicon.ico,GET,,500,qv8qs-1770689526307-51d8db8e7227,vercel-favicon/1.0,error,production,main,MISS,function,/favicon.ico,validacao-tempo-6yourfw2n-gcolumbina25s-projects.vercel.app,validacao-tempo-6yourfw2n-gcolumbina25s-projects.vercel.app,dpl_FduUDZBAnRaJUCYjq4L94w31ayVw,,,,,"Error importing app.py:
Traceback (most recent call last):
File ""/var/task/_vendor/vercel_runtime/vc_init.py"", line 238, in <module>
__vc_spec.loader.exec_module(__vc_module)
File ""<frozen importlib._bootstrap_external>"", line 999, in exec_module
File ""<frozen importlib._bootstrap>"", line 488, in _call_with_frames_removed
File ""/var/task/app.py"", line 484, in <module>
db_init()
File ""/var/task/db_layer.py"", line 185, in init_db
with get_connection() as conn:  # type: Connection
^^^^^^^^^^^^^^^^
File ""/var/task/db_layer.py"", line 177, in get_connection
DATA_DIR.mkdir(parents=True, exist_ok=True)
File ""/var/lang/lib/python3.12/pathlib.py"", line 1311, in mkdir
os.mkdir(self, mode)
OSError: [Errno 30] Read-only file system: '/var/task/dados'
Python process exited with exit status: 1. The logs above can help with debugging the issue.",prj_lVvLvhDy5Su5BqXQzc0KlHQ6nCtI,,,,,
2026-02-10 02:12:06,1770689526307,validacao-tempo-6yourfw2n-gcolumbina25s-projects.vercel.app/favicon.ico,GET,,500,qv8qs-1770689526307-51d8db8e7227,vercel-favicon/1.0,,production,main,MISS,function,/,validacao-tempo-6yourfw2n-gcolumbina25s-projects.vercel.app,validacao-tempo-6yourfw2n-gcolumbina25s-projects.vercel.app,dpl_FduUDZBAnRaJUCYjq4L94w31ayVw,953,iad1,-1,2048,,prj_lVvLvhDy5Su5BqXQzc0KlHQ6nCtI,,,01KH2N3YJ79TM4K0VDHYBFM21R,,-1
2026-02-10 02:12:06,1770689526107,validacao-tempo-6yourfw2n-gcolumbina25s-projects.vercel.app/,GET,,500,9g2s4-1770689525133-973c7c7fdb0d,vercel-favicon/1.0,error,production,main,MISS,function,/,validacao-tempo-6yourfw2n-gcolumbina25s-projects.vercel.app,validacao-tempo-6yourfw2n-gcolumbina25s-projects.vercel.app,dpl_FduUDZBAnRaJUCYjq4L94w31ayVw,,,,,"Error importing app.py:
Traceback (most recent call last):
File ""/var/task/_vendor/vercel_runtime/vc_init.py"", line 238, in <module>
__vc_spec.loader.exec_module(__vc_module)
File ""<frozen importlib._bootstrap_external>"", line 999, in exec_module
File ""<frozen importlib._bootstrap>"", line 488, in _call_with_frames_removed
File ""/var/task/app.py"", line 484, in <module>
db_init()
File ""/var/task/db_layer.py"", line 185, in init_db
with get_connection() as conn:  # type: Connection
^^^^^^^^^^^^^^^^
File ""/var/task/db_layer.py"", line 177, in get_connection
DATA_DIR.mkdir(parents=True, exist_ok=True)
File ""/var/lang/lib/python3.12/pathlib.py"", line 1311, in mkdir
os.mkdir(self, mode)
OSError: [Errno 30] Read-only file system: '/var/task/dados'
Python process exited with exit status: 1. The logs above can help with debugging the issue.",prj_lVvLvhDy5Su5BqXQzc0KlHQ6nCtI,,,,,
2026-02-10 02:12:05,1770689525133,validacao-tempo-6yourfw2n-gcolumbina25s-projects.vercel.app/,GET,,500,9g2s4-1770689525133-973c7c7fdb0d,vercel-favicon/1.0,,production,main,MISS,function,/,validacao-tempo-6yourfw2n-gcolumbina25s-projects.vercel.app,validacao-tempo-6yourfw2n-gcolumbina25s-projects.vercel.app,dpl_FduUDZBAnRaJUCYjq4L94w31ayVw,921,iad1,-1,2048,,prj_lVvLvhDy5Su5BqXQzc0KlHQ6nCtI,,,01KH2N3XDJJAVB8S4FH7REYMPJ,,-1
2026-02-10 02:12:05,1770689525372,validacao-tempo-6yourfw2n-gcolumbina25s-projects.vercel.app/favicon.png,GET,,500,nrvwd-1770689524359-5d4abc113be0,vercel-favicon/1.0,error,production,main,MISS,function,/favicon.png,validacao-tempo-6yourfw2n-gcolumbina25s-projects.vercel.app,validacao-tempo-6yourfw2n-gcolumbina25s-projects.vercel.app,dpl_FduUDZBAnRaJUCYjq4L94w31ayVw,,,,,"Error importing app.py:
Traceback (most recent call last):
File ""/var/task/_vendor/vercel_runtime/vc_init.py"", line 238, in <module>
__vc_spec.loader.exec_module(__vc_module)
File ""<frozen importlib._bootstrap_external>"", line 999, in exec_module
File ""<frozen importlib._bootstrap>"", line 488, in _call_with_frames_removed
File ""/var/task/app.py"", line 484, in <module>
db_init()
File ""/var/task/db_layer.py"", line 185, in init_db
with get_connection() as conn:  # type: Connection
^^^^^^^^^^^^^^^^
File ""/var/task/db_layer.py"", line 177, in get_connection
DATA_DIR.mkdir(parents=True, exist_ok=True)
File ""/var/lang/lib/python3.12/pathlib.py"", line 1311, in mkdir
os.mkdir(self, mode)
OSError: [Errno 30] Read-only file system: '/var/task/dados'
Python process exited with exit status: 1. The logs above can help with debugging the issue.",prj_lVvLvhDy5Su5BqXQzc0KlHQ6nCtI,,,,,
2026-02-10 02:12:04,1770689524359,validacao-tempo-6yourfw2n-gcolumbina25s-projects.vercel.app/favicon.png,GET,,500,nrvwd-1770689524359-5d4abc113be0,vercel-favicon/1.0,,production,main,MISS,function,/,validacao-tempo-6yourfw2n-gcolumbina25s-projects.vercel.app,validacao-tempo-6yourfw2n-gcolumbina25s-projects.vercel.app,dpl_FduUDZBAnRaJUCYjq4L94w31ayVw,959,iad1,-1,2048,,prj_lVvLvhDy5Su5BqXQzc0KlHQ6nCtI,,,01KH2N3WNBJ4778M31V3GKBZY8,,-1
2026-02-10 02:12:04,1770689524322,validacao-tempo-6yourfw2n-gcolumbina25s-projects.vercel.app/favicon.ico,GET,,500,qs8n7-1770689523327-b4c2dfdcdd19,vercel-favicon/1.0,error,production,main,MISS,function,/favicon.ico,validacao-tempo-6yourfw2n-gcolumbina25s-projects.vercel.app,validacao-tempo-6yourfw2n-gcolumbina25s-projects.vercel.app,dpl_FduUDZBAnRaJUCYjq4L94w31ayVw,,,,,"Error importing app.py:
Traceback (most recent call last):
File ""/var/task/_vendor/vercel_runtime/vc_init.py"", line 238, in <module>
__vc_spec.loader.exec_module(__vc_module)
File ""<frozen importlib._bootstrap_external>"", line 999, in exec_module
File ""<frozen importlib._bootstrap>"", line 488, in _call_with_frames_removed
File ""/var/task/app.py"", line 484, in <module>
db_init()
File ""/var/task/db_layer.py"", line 185, in init_db
with get_connection() as conn:  # type: Connection
^^^^^^^^^^^^^^^^
File ""/var/task/db_layer.py"", line 177, in get_connection
DATA_DIR.mkdir(parents=True, exist_ok=True)
File ""/var/lang/lib/python3.12/pathlib.py"", line 1311, in mkdir
os.mkdir(self, mode)
OSError: [Errno 30] Read-only file system: '/var/task/dados'
Python process exited with exit status: 1. The logs above can help with debugging the issue.",prj_lVvLvhDy5Su5BqXQzc0KlHQ6nCtI,,,,,
2026-02-10 02:12:03,1770689523327,validacao-tempo-6yourfw2n-gcolumbina25s-projects.vercel.app/favicon.ico,GET,,500,qs8n7-1770689523327-b4c2dfdcdd19,vercel-favicon/1.0,,production,main,MISS,function,/,validacao-tempo-6yourfw2n-gcolumbina25s-projects.vercel.app,validacao-tempo-6yourfw2n-gcolumbina25s-projects.vercel.app,dpl_FduUDZBAnRaJUCYjq4L94w31ayVw,936,iad1,-1,2048,,prj_lVvLvhDy5Su5BqXQzc0KlHQ6nCtI,,,01KH2N3VN6G87PNFBJT6HPG5NG,,-1
2026-02-10 02:12:04,1770689524078,validacao-tempo-6yourfw2n-gcolumbina25s-projects.vercel.app/,GET,,500,mzh9w-1770689523105-0f76810c6870,vercel-favicon/1.0,error,production,main,MISS,function,/,validacao-tempo-6yourfw2n-gcolumbina25s-projects.vercel.app,validacao-tempo-6yourfw2n-gcolumbina25s-projects.vercel.app,dpl_FduUDZBAnRaJUCYjq4L94w31ayVw,,,,,"Error importing app.py:
Traceback (most recent call last):
File ""/var/task/_vendor/vercel_runtime/vc_init.py"", line 238, in <module>
__vc_spec.loader.exec_module(__vc_module)
File ""<frozen importlib._bootstrap_external>"", line 999, in exec_module
File ""<frozen importlib._bootstrap>"", line 488, in _call_with_frames_removed
File ""/var/task/app.py"", line 484, in <module>
db_init()
File ""/var/task/db_layer.py"", line 185, in init_db
with get_connection() as conn:  # type: Connection
^^^^^^^^^^^^^^^^
File ""/var/task/db_layer.py"", line 177, in get_connection
DATA_DIR.mkdir(parents=True, exist_ok=True)
File ""/var/lang/lib/python3.12/pathlib.py"", line 1311, in mkdir
os.mkdir(self, mode)
OSError: [Errno 30] Read-only file system: '/var/task/dados'
Python process exited with exit status: 1. The logs above can help with debugging the issue.",prj_lVvLvhDy5Su5BqXQzc0KlHQ6nCtI,,,,,
2026-02-10 02:12:03,1770689523105,validacao-tempo-6yourfw2n-gcolumbina25s-projects.vercel.app/,GET,,500,mzh9w-1770689523105-0f76810c6870,vercel-favicon/1.0,,production,main,MISS,function,/,validacao-tempo-6yourfw2n-gcolumbina25s-projects.vercel.app,validacao-tempo-6yourfw2n-gcolumbina25s-projects.vercel.app,dpl_FduUDZBAnRaJUCYjq4L94w31ayVw,919,iad1,-1,2048,,prj_lVvLvhDy5Su5BqXQzc0KlHQ6nCtI,,,01KH2N3VE9A87FJZ63G866KQWA,,-1
2026-02-10 02:12:01,1770689521219,validacao-tempo-6yourfw2n-gcolumbina25s-projects.vercel.app/favicon.ico,GET,,500,ll96j-1770689520207-bd9bfe4629c1,vercel-favicon/1.0,error,production,main,MISS,function,/favicon.ico,validacao-tempo-6yourfw2n-gcolumbina25s-projects.vercel.app,validacao-tempo-6yourfw2n-gcolumbina25s-projects.vercel.app,dpl_FduUDZBAnRaJUCYjq4L94w31ayVw,,,,,"Error importing app.py:
Traceback (most recent call last):
File ""/var/task/_vendor/vercel_runtime/vc_init.py"", line 238, in <module>
__vc_spec.loader.exec_module(__vc_module)
File ""<frozen importlib._bootstrap_external>"", line 999, in exec_module
File ""<frozen importlib._bootstrap>"", line 488, in _call_with_frames_removed
File ""/var/task/app.py"", line 484, in <module>
db_init()
File ""/var/task/db_layer.py"", line 185, in init_db
with get_connection() as conn:  # type: Connection
^^^^^^^^^^^^^^^^
File ""/var/task/db_layer.py"", line 177, in get_connection
DATA_DIR.mkdir(parents=True, exist_ok=True)
File ""/var/lang/lib/python3.12/pathlib.py"", line 1311, in mkdir
os.mkdir(self, mode)
OSError: [Errno 30] Read-only file system: '/var/task/dados'
Python process exited with exit status: 1. The logs above can help with debugging the issue.",prj_lVvLvhDy5Su5BqXQzc0KlHQ6nCtI,,,,,
2026-02-10 02:12:00,1770689520207,validacao-tempo-6yourfw2n-gcolumbina25s-projects.vercel.app/favicon.ico,GET,,500,ll96j-1770689520207-bd9bfe4629c1,vercel-favicon/1.0,,production,main,MISS,function,/,validacao-tempo-6yourfw2n-gcolumbina25s-projects.vercel.app,validacao-tempo-6yourfw2n-gcolumbina25s-projects.vercel.app,dpl_FduUDZBAnRaJUCYjq4L94w31ayVw,952,iad1,-1,2048,,prj_lVvLvhDy5Su5BqXQzc0KlHQ6nCtI,,,01KH2N3RKJ268DJ6KWNQVYNRNB,,-1
2026-02-10 02:11:59,1770689519076,validacao-tempo-6yourfw2n-gcolumbina25s-projects.vercel.app/favicon.ico,GET,,500,pv9dm-1770689518093-84f2c5d94a7a,vercel-favicon/1.0,error,production,main,MISS,function,/favicon.ico,validacao-tempo-6yourfw2n-gcolumbina25s-projects.vercel.app,validacao-tempo-6yourfw2n-gcolumbina25s-projects.vercel.app,dpl_FduUDZBAnRaJUCYjq4L94w31ayVw,,,,,"Error importing app.py:
Traceback (most recent call last):
File ""/var/task/_vendor/vercel_runtime/vc_init.py"", line 238, in <module>
__vc_spec.loader.exec_module(__vc_module)
File ""<frozen importlib._bootstrap_external>"", line 999, in exec_module
File ""<frozen importlib._bootstrap>"", line 488, in _call_with_frames_removed
File ""/var/task/app.py"", line 484, in <module>
db_init()
File ""/var/task/db_layer.py"", line 185, in init_db
with get_connection() as conn:  # type: Connection
^^^^^^^^^^^^^^^^
File ""/var/task/db_layer.py"", line 177, in get_connection
DATA_DIR.mkdir(parents=True, exist_ok=True)
File ""/var/lang/lib/python3.12/pathlib.py"", line 1311, in mkdir
os.mkdir(self, mode)
OSError: [Errno 30] Read-only file system: '/var/task/dados'
Python process exited with exit status: 1. The logs above can help with debugging the issue.",prj_lVvLvhDy5Su5BqXQzc0KlHQ6nCtI,,,,,
2026-02-10 02:11:58,1770689518093,validacao-tempo-6yourfw2n-gcolumbina25s-projects.vercel.app/favicon.ico,GET,,500,pv9dm-1770689518093-84f2c5d94a7a,vercel-favicon/1.0,,production,main,MISS,function,/,validacao-tempo-6yourfw2n-gcolumbina25s-projects.vercel.app,validacao-tempo-6yourfw2n-gcolumbina25s-projects.vercel.app,dpl_FduUDZBAnRaJUCYjq4L94w31ayVw,925,iad1,-1,2048,,prj_lVvLvhDy5Su5BqXQzc0KlHQ6nCtI,,,01KH2N3PHMJP2ETH2ZCZNFX9Q7,,-1
2026-02-10 02:11:57,1770689517939,validacao-tempo-6yourfw2n-gcolumbina25s-projects.vercel.app/,GET,,500,q28qk-1770689516939-db1af3ca173e,vercel-favicon/1.0,error,production,main,MISS,function,/,validacao-tempo-6yourfw2n-gcolumbina25s-projects.vercel.app,validacao-tempo-6yourfw2n-gcolumbina25s-projects.vercel.app,dpl_FduUDZBAnRaJUCYjq4L94w31ayVw,,,,,"Error importing app.py:
Traceback (most recent call last):
File ""/var/task/_vendor/vercel_runtime/vc_init.py"", line 238, in <module>
__vc_spec.loader.exec_module(__vc_module)
File ""<frozen importlib._bootstrap_external>"", line 999, in exec_module
File ""<frozen importlib._bootstrap>"", line 488, in _call_with_frames_removed
File ""/var/task/app.py"", line 484, in <module>
db_init()
File ""/var/task/db_layer.py"", line 185, in init_db
with get_connection() as conn:  # type: Connection
^^^^^^^^^^^^^^^^
File ""/var/task/db_layer.py"", line 177, in get_connection
DATA_DIR.mkdir(parents=True, exist_ok=True)
File ""/var/lang/lib/python3.12/pathlib.py"", line 1311, in mkdir
os.mkdir(self, mode)
OSError: [Errno 30] Read-only file system: '/var/task/dados'
Python process exited with exit status: 1. The logs above can help with debugging the issue.",prj_lVvLvhDy5Su5BqXQzc0KlHQ6nCtI,,,,,
2026-02-10 02:11:56,1770689516939,validacao-tempo-6yourfw2n-gcolumbina25s-projects.vercel.app/,GET,,500,q28qk-1770689516939-db1af3ca173e,vercel-favicon/1.0,,production,main,MISS,function,/,validacao-tempo-6yourfw2n-gcolumbina25s-projects.vercel.app,validacao-tempo-6yourfw2n-gcolumbina25s-projects.vercel.app,dpl_FduUDZBAnRaJUCYjq4L94w31ayVw,938,iad1,-1,2048,,prj_lVvLvhDy5Su5BqXQzc0KlHQ6nCtI,,,01KH2N3NDJ5PV9TKBKY9Y2G174,,-1
2026-02-10 02:11:55,1770689515804,validacao-tempo-6yourfw2n-gcolumbina25s-projects.vercel.app/,GET,,500,gvx6m-1770689514830-47093754e780,vercel-favicon/1.0,error,production,main,MISS,function,/,validacao-tempo-6yourfw2n-gcolumbina25s-projects.vercel.app,validacao-tempo-6yourfw2n-gcolumbina25s-projects.vercel.app,dpl_FduUDZBAnRaJUCYjq4L94w31ayVw,,,,,"Error importing app.py:
Traceback (most recent call last):
File ""/var/task/_vendor/vercel_runtime/vc_init.py"", line 238, in <module>
__vc_spec.loader.exec_module(__vc_module)
File ""<frozen importlib._bootstrap_external>"", line 999, in exec_module
File ""<frozen importlib._bootstrap>"", line 488, in _call_with_frames_removed
File ""/var/task/app.py"", line 484, in <module>
db_init()
File ""/var/task/db_layer.py"", line 185, in init_db
with get_connection() as conn:  # type: Connection
^^^^^^^^^^^^^^^^
File ""/var/task/db_layer.py"", line 177, in get_connection
DATA_DIR.mkdir(parents=True, exist_ok=True)
File ""/var/lang/lib/python3.12/pathlib.py"", line 1311, in mkdir
os.mkdir(self, mode)
OSError: [Errno 30] Read-only file system: '/var/task/dados'
Python process exited with exit status: 1. The logs above can help with debugging the issue.",prj_lVvLvhDy5Su5BqXQzc0KlHQ6nCtI,,,,,
2026-02-10 02:11:54,1770689514830,validacao-tempo-6yourfw2n-gcolumbina25s-projects.vercel.app/,GET,,500,gvx6m-1770689514830-47093754e780,vercel-favicon/1.0,,production,main,MISS,function,/,validacao-tempo-6yourfw2n-gcolumbina25s-projects.vercel.app,validacao-tempo-6yourfw2n-gcolumbina25s-projects.vercel.app,dpl_FduUDZBAnRaJUCYjq4L94w31ayVw,919,iad1,-1,2048,,prj_lVvLvhDy5Su5BqXQzc0KlHQ6nCtI,,,01KH2N3KBNBTF8TGFYJPMXP8QE,,-1
2026-02-10 02:11:37,1770689497338,validacao-tempo-6yourfw2n-gcolumbina25s-projects.vercel.app/favicon.ico,GET,,500,v846k-1770689496199-a29eb7d5ae11,"Mozilla/5.0 (Macintosh; Intel Mac OS X 10_15_7) AppleWebKit/537.36 (KHTML, like Gecko) Chrome/142.0.0.0 Safari/537.36 OPR/126.0.0.0",error,production,main,MISS,function,/favicon.ico,validacao-tempo-6yourfw2n-gcolumbina25s-projects.vercel.app,validacao-tempo-6yourfw2n-gcolumbina25s-projects.vercel.app,dpl_FduUDZBAnRaJUCYjq4L94w31ayVw,,,,,"Error importing app.py:
Traceback (most recent call last):
File ""/var/task/_vendor/vercel_runtime/vc_init.py"", line 238, in <module>
__vc_spec.loader.exec_module(__vc_module)
File ""<frozen importlib._bootstrap_external>"", line 999, in exec_module
File ""<frozen importlib._bootstrap>"", line 488, in _call_with_frames_removed
File ""/var/task/app.py"", line 484, in <module>
db_init()
File ""/var/task/db_layer.py"", line 185, in init_db
with get_connection() as conn:  # type: Connection
^^^^^^^^^^^^^^^^
File ""/var/task/db_layer.py"", line 177, in get_connection
DATA_DIR.mkdir(parents=True, exist_ok=True)
File ""/var/lang/lib/python3.12/pathlib.py"", line 1311, in mkdir
os.mkdir(self, mode)
OSError: [Errno 30] Read-only file system: '/var/task/dados'
Python process exited with exit status: 1. The logs above can help with debugging the issue.",prj_lVvLvhDy5Su5BqXQzc0KlHQ6nCtI,,,,,
2026-02-10 02:11:36,1770689496199,validacao-tempo-6yourfw2n-gcolumbina25s-projects.vercel.app/favicon.ico,GET,,500,v846k-1770689496199-a29eb7d5ae11,"Mozilla/5.0 (Macintosh; Intel Mac OS X 10_15_7) AppleWebKit/537.36 (KHTML, like Gecko) Chrome/142.0.0.0 Safari/537.36 OPR/126.0.0.0",,production,main,MISS,function,/,validacao-tempo-6yourfw2n-gcolumbina25s-projects.vercel.app,validacao-tempo-6yourfw2n-gcolumbina25s-projects.vercel.app,dpl_FduUDZBAnRaJUCYjq4L94w31ayVw,896,iad1,-1,2048,,prj_lVvLvhDy5Su5BqXQzc0KlHQ6nCtI,,,01KH2N31B1A6D0E8K55M9JSGA8,,-1
2026-02-10 02:11:36,1770689496044,validacao-tempo-6yourfw2n-gcolumbina25s-projects.vercel.app/,GET,,500,nl9c9-1770689494914-c7896cdf2bda,"Mozilla/5.0 (Macintosh; Intel Mac OS X 10_15_7) AppleWebKit/537.36 (KHTML, like Gecko) Chrome/142.0.0.0 Safari/537.36 OPR/126.0.0.0",error,production,main,MISS,function,/,validacao-tempo-6yourfw2n-gcolumbina25s-projects.vercel.app,validacao-tempo-6yourfw2n-gcolumbina25s-projects.vercel.app,dpl_FduUDZBAnRaJUCYjq4L94w31ayVw,,,,,"Error importing app.py:
Traceback (most recent call last):
File ""/var/task/_vendor/vercel_runtime/vc_init.py"", line 238, in <module>
__vc_spec.loader.exec_module(__vc_module)
File ""<frozen importlib._bootstrap_external>"", line 999, in exec_module
File ""<frozen importlib._bootstrap>"", line 488, in _call_with_frames_removed
File ""/var/task/app.py"", line 484, in <module>
db_init()
File ""/var/task/db_layer.py"", line 185, in init_db
with get_connection() as conn:  # type: Connection
^^^^^^^^^^^^^^^^
File ""/var/task/db_layer.py"", line 177, in get_connection
DATA_DIR.mkdir(parents=True, exist_ok=True)
File ""/var/lang/lib/python3.12/pathlib.py"", line 1311, in mkdir
os.mkdir(self, mode)
OSError: [Errno 30] Read-only file system: '/var/task/dados'
Python process exited with exit status: 1. The logs above can help with debugging the issue.",prj_lVvLvhDy5Su5BqXQzc0KlHQ6nCtI,,,,,
2026-02-10 02:11:34,1770689494914,validacao-tempo-6yourfw2n-gcolumbina25s-projects.vercel.app/,GET,,500,nl9c9-1770689494914-c7896cdf2bda,"Mozilla/5.0 (Macintosh; Intel Mac OS X 10_15_7) AppleWebKit/537.36 (KHTML, like Gecko) Chrome/142.0.0.0 Safari/537.36 OPR/126.0.0.0",,production,main,MISS,function,/,validacao-tempo-6yourfw2n-gcolumbina25s-projects.vercel.app,validacao-tempo-6yourfw2n-gcolumbina25s-projects.vercel.app,dpl_FduUDZBAnRaJUCYjq4L94w31ayVw,903,iad1,-1,2048,,prj_lVvLvhDy5Su5BqXQzc0KlHQ6nCtI,,,01KH2N302J886X6H48AZARYDB4,,-1
2026-02-10 02:11:34,1770689494688,validacao-tempo-6yourfw2n-gcolumbina25s-projects.vercel.app/,GET,_vercel_jwt=eyJhbGciOiJIUzI1NiJ9.eyJzdWIiOiJzc28tcHJvdGVjdGlvbi1jYWxsYmFjayIsImF1ZCI6InZhbGlkYWNhby10ZW1wby02eW91cmZ3Mm4tZ2NvbHVtYmluYTI1cy1wcm9qZWN0cy52ZXJjZWwuYXBwIiwiaWF0IjoxNzcwNjg5NDk0LCJleHAiOjE3NzA2ODk1MDQsInVzZXJJZCI6InlDYVNsVHhkYmV5MXdvVmZOdDNtbHZjNCIsInVzZXJuYW1lIjoiZ2NvbHVtYmluYTI1Iiwibm9uY2UiOiI4OTg0OGYxMDQ0MzZjZGQxNTc1MTk1ZWUyNjBlOTk3ZGU5ZmM0MWUwZjZkNTAwMzA4MmNkNDYzN2EyNzU0MjY3In0.ODNJ5cptWL81iDOHmdfMz57NJEFrd1rvviL3Z64D-Sw&_vercel_jwe=eyJhbGciOiJkaXIiLCJlbmMiOiJBMjU2R0NNIn0..YqQglvw92JR6X__7.lNCC3W-6qSY206nJTIKjnGA_cnFAixmYTJuVMxaE2wsR1iVmmxclbbAIAV22AbKlk1MJjX7gEgIJ2pfuhbsUNwp5hP0VWKyP22e4e-0H1AQganbp2tGS3KphOJ1N7HawvyI7_wrfTEZl9GrB8td26P0zoasICOefbeS6TZCDFbpO-FHlFMbvpf52RRImH97fCubyJh6bACy_gbhfKy8El0B4sNxrSeBNse3RjGay31vCfzQERal0kuz0JEDbakkL4mmXUW-YwRCLggf8f5WUmOCt6xJ1y0_F2EkacLWa36tHnKV95IW_V5qocej93Q0gtYEDuLGdBBQ5ENXXkV5cwK9G0tRDm8L3hUDqDBA.3Cer8USPshEAQECGfGE5sQ,307,nl9c9-1770689494688-631ca2774b0a,"Mozilla/5.0 (Macintosh; Intel Mac OS X 10_15_7) AppleWebKit/537.36 (KHTML, like Gecko) Chrome/142.0.0.0 Safari/537.36 OPR/126.0.0.0",,production,main,,static,/,validacao-tempo-6yourfw2n-gcolumbina25s-projects.vercel.app,validacao-tempo-6yourfw2n-gcolumbina25s-projects.vercel.app,dpl_FduUDZBAnRaJUCYjq4L94w31ayVw,157,gru1,,,,prj_lVvLvhDy5Su5BqXQzc0KlHQ6nCtI,,,,,
2026-02-10 02:11:33,1770689493463,validacao-tempo-6yourfw2n-gcolumbina25s-projects.vercel.app/,GET,,401,cnqhw-1770689493463-19d1bb6f1cab,"Mozilla/5.0 (Macintosh; Intel Mac OS X 10_15_7) AppleWebKit/537.36 (KHTML, like Gecko) Chrome/142.0.0.0 Safari/537.36 OPR/126.0.0.0",,production,main,,static,/,validacao-tempo-6yourfw2n-gcolumbina25s-projects.vercel.app,validacao-tempo-6yourfw2n-gcolumbina25s-projects.vercel.app,dpl_FduUDZBAnRaJUCYjq4L94w31ayVw,160,gru1,,,,prj_lVvLvhDy5Su5BqXQzc0KlHQ6nCtI,,,,,
2026-02-10 02:11:31,1770689491101,validacao-tempo-6yourfw2n-gcolumbina25s-projects.vercel.app/favicon.ico,GET,,,ms8rr-1770689490149-cd8c1f991c50,vercel-screenshot/1.0,error,production,main,,function,,validacao-tempo-6yourfw2n-gcolumbina25s-projects.vercel.app,validacao-tempo-6yourfw2n-gcolumbina25s-projects.vercel.app,dpl_FduUDZBAnRaJUCYjq4L94w31ayVw,,,,,"Error importing app.py:
Traceback (most recent call last):
File ""/var/task/_vendor/vercel_runtime/vc_init.py"", line 238, in <module>
__vc_spec.loader.exec_module(__vc_module)
File ""<frozen importlib._bootstrap_external>"", line 999, in exec_module
File ""<frozen importlib._bootstrap>"", line 488, in _call_with_frames_removed
File ""/var/task/app.py"", line 484, in <module>
db_init()
File ""/var/task/db_layer.py"", line 185, in init_db
with get_connection() as conn:  # type: Connection
^^^^^^^^^^^^^^^^
File ""/var/task/db_layer.py"", line 177, in get_connection
DATA_DIR.mkdir(parents=True, exist_ok=True)
File ""/var/lang/lib/python3.12/pathlib.py"", line 1311, in mkdir
os.mkdir(self, mode)
OSError: [Errno 30] Read-only file system: '/var/task/dados'
Python process exited with exit status: 1. The logs above can help with debugging the issue.",prj_lVvLvhDy5Su5BqXQzc0KlHQ6nCtI,,,,,
2026-02-10 02:11:30,1770689490149,validacao-tempo-6yourfw2n-gcolumbina25s-projects.vercel.app/favicon.ico,GET,,,ms8rr-1770689490149-cd8c1f991c50,vercel-screenshot/1.0,,production,main,,function,/,validacao-tempo-6yourfw2n-gcolumbina25s-projects.vercel.app,validacao-tempo-6yourfw2n-gcolumbina25s-projects.vercel.app,dpl_FduUDZBAnRaJUCYjq4L94w31ayVw,897,iad1,-1,2048,,prj_lVvLvhDy5Su5BqXQzc0KlHQ6nCtI,,,01KH2N2V88JG4630GN60YC5EKD,,-1
2026-02-10 02:11:30,1770689490915,validacao-tempo-6yourfw2n-gcolumbina25s-projects.vercel.app/,GET,,,rdt4s-1770689489901-a9fa1d9c1fdb,"Mozilla/5.0 (X11; Linux x86_64) AppleWebKit/537.36 (KHTML, like Gecko) HeadlessChrome/141.0.7390.0 Safari/537.36",error,production,main,,function,,validacao-tempo-6yourfw2n-gcolumbina25s-projects.vercel.app,validacao-tempo-6yourfw2n-gcolumbina25s-projects.vercel.app,dpl_FduUDZBAnRaJUCYjq4L94w31ayVw,,,,,"Error importing app.py:
Traceback (most recent call last):
File ""/var/task/_vendor/vercel_runtime/vc_init.py"", line 238, in <module>
__vc_spec.loader.exec_module(__vc_module)
File ""<frozen importlib._bootstrap_external>"", line 999, in exec_module
File ""<frozen importlib._bootstrap>"", line 488, in _call_with_frames_removed
File ""/var/task/app.py"", line 484, in <module>
db_init()
File ""/var/task/db_layer.py"", line 185, in init_db
with get_connection() as conn:  # type: Connection
^^^^^^^^^^^^^^^^
File ""/var/task/db_layer.py"", line 177, in get_connection
DATA_DIR.mkdir(parents=True, exist_ok=True)
File ""/var/lang/lib/python3.12/pathlib.py"", line 1311, in mkdir
os.mkdir(self, mode)
OSError: [Errno 30] Read-only file system: '/var/task/dados'
Python process exited with exit status: 1. The logs above can help with debugging the issue.",prj_lVvLvhDy5Su5BqXQzc0KlHQ6nCtI,,,,,
2026-02-10 02:11:29,1770689489901,validacao-tempo-6yourfw2n-gcolumbina25s-projects.vercel.app/,GET,,,rdt4s-1770689489901-a9fa1d9c1fdb,"Mozilla/5.0 (X11; Linux x86_64) AppleWebKit/537.36 (KHTML, like Gecko) HeadlessChrome/141.0.7390.0 Safari/537.36",,production,main,,function,/,validacao-tempo-6yourfw2n-gcolumbina25s-projects.vercel.app,validacao-tempo-6yourfw2n-gcolumbina25s-projects.vercel.app,dpl_FduUDZBAnRaJUCYjq4L94w31ayVw,960,iad1,-1,2048,,prj_lVvLvhDy5Su5BqXQzc0KlHQ6nCtI,,,01KH2N2V0NSGTGM2X1AJS3H5RK,,-1
2026-02-10 02:11:30,1770689490145,validacao-tempo-6yourfw2n-gcolumbina25s-projects.vercel.app/favicon.ico,GET,,500,fplpp-1770689489171-2983850f264b,vercel-screenshot/1.0,error,production,main,MISS,function,/favicon.ico,validacao-tempo-6yourfw2n-gcolumbina25s-projects.vercel.app,validacao-tempo-6yourfw2n-gcolumbina25s-projects.vercel.app,dpl_FduUDZBAnRaJUCYjq4L94w31ayVw,,,,,"Error importing app.py:
Traceback (most recent call last):
File ""/var/task/_vendor/vercel_runtime/vc_init.py"", line 238, in <module>
__vc_spec.loader.exec_module(__vc_module)
File ""<frozen importlib._bootstrap_external>"", line 999, in exec_module
File ""<frozen importlib._bootstrap>"", line 488, in _call_with_frames_removed
File ""/var/task/app.py"", line 484, in <module>
db_init()
File ""/var/task/db_layer.py"", line 185, in init_db
with get_connection() as conn:  # type: Connection
^^^^^^^^^^^^^^^^
File ""/var/task/db_layer.py"", line 177, in get_connection
DATA_DIR.mkdir(parents=True, exist_ok=True)
File ""/var/lang/lib/python3.12/pathlib.py"", line 1311, in mkdir
os.mkdir(self, mode)
OSError: [Errno 30] Read-only file system: '/var/task/dados'
Python process exited with exit status: 1. The logs above can help with debugging the issue.",prj_lVvLvhDy5Su5BqXQzc0KlHQ6nCtI,,,,,
2026-02-10 02:11:29,1770689489171,validacao-tempo-6yourfw2n-gcolumbina25s-projects.vercel.app/favicon.ico,GET,,500,fplpp-1770689489171-2983850f264b,vercel-screenshot/1.0,,production,main,MISS,function,/,validacao-tempo-6yourfw2n-gcolumbina25s-projects.vercel.app,validacao-tempo-6yourfw2n-gcolumbina25s-projects.vercel.app,dpl_FduUDZBAnRaJUCYjq4L94w31ayVw,918,iad1,-1,2048,,prj_lVvLvhDy5Su5BqXQzc0KlHQ6nCtI,,,01KH2N2T9RRPQY7F1J2N32C2X8,,-1
2026-02-10 02:11:30,1770689490086,validacao-tempo-6yourfw2n-gcolumbina25s-projects.vercel.app/,GET,,500,8tf8f-1770689488978-3687de7d2fff,vercel-screenshot/1.0,error,production,main,MISS,function,/,validacao-tempo-6yourfw2n-gcolumbina25s-projects.vercel.app,validacao-tempo-6yourfw2n-gcolumbina25s-projects.vercel.app,dpl_FduUDZBAnRaJUCYjq4L94w31ayVw,,,,,"Error importing app.py:
Traceback (most recent call last):
File ""/var/task/_vendor/vercel_runtime/vc_init.py"", line 238, in <module>
__vc_spec.loader.exec_module(__vc_module)
File ""<frozen importlib._bootstrap_external>"", line 999, in exec_module
File ""<frozen importlib._bootstrap>"", line 488, in _call_with_frames_removed
File ""/var/task/app.py"", line 484, in <module>
db_init()
File ""/var/task/db_layer.py"", line 185, in init_db
with get_connection() as conn:  # type: Connection
^^^^^^^^^^^^^^^^
File ""/var/task/db_layer.py"", line 177, in get_connection
DATA_DIR.mkdir(parents=True, exist_ok=True)
File ""/var/lang/lib/python3.12/pathlib.py"", line 1311, in mkdir
os.mkdir(self, mode)
OSError: [Errno 30] Read-only file system: '/var/task/dados'
Python process exited with exit status: 1. The logs above can help with debugging the issue.",prj_lVvLvhDy5Su5BqXQzc0KlHQ6nCtI,,,,,
2026-02-10 02:11:28,1770689488978,validacao-tempo-6yourfw2n-gcolumbina25s-projects.vercel.app/,GET,,500,8tf8f-1770689488978-3687de7d2fff,vercel-screenshot/1.0,,production,main,MISS,function,/,validacao-tempo-6yourfw2n-gcolumbina25s-projects.vercel.app,validacao-tempo-6yourfw2n-gcolumbina25s-projects.vercel.app,dpl_FduUDZBAnRaJUCYjq4L94w31ayVw,930,iad1,-1,2048,,prj_lVvLvhDy5Su5BqXQzc0KlHQ6nCtI,,,01KH2N2T7J75G2D89P95Q1KYAA,,-1
2026-02-10 02:11:29,1770689489102,validacao-tempo-6yourfw2n-gcolumbina25s-projects.vercel.app/,GET,,500,2szzh-1770689488033-1ae1dcc1e3c7,vercel-screenshot/1.0,error,production,main,MISS,function,/,validacao-tempo-6yourfw2n-gcolumbina25s-projects.vercel.app,validacao-tempo-6yourfw2n-gcolumbina25s-projects.vercel.app,dpl_FduUDZBAnRaJUCYjq4L94w31ayVw,,,,,"Error importing app.py:
Traceback (most recent call last):
File ""/var/task/_vendor/vercel_runtime/vc_init.py"", line 238, in <module>
__vc_spec.loader.exec_module(__vc_module)
File ""<frozen importlib._bootstrap_external>"", line 999, in exec_module
File ""<frozen importlib._bootstrap>"", line 488, in _call_with_frames_removed
File ""/var/task/app.py"", line 484, in <module>
db_init()
File ""/var/task/db_layer.py"", line 185, in init_db
with get_connection() as conn:  # type: Connection
^^^^^^^^^^^^^^^^
File ""/var/task/db_layer.py"", line 177, in get_connection
DATA_DIR.mkdir(parents=True, exist_ok=True)
File ""/var/lang/lib/python3.12/pathlib.py"", line 1311, in mkdir
os.mkdir(self, mode)
OSError: [Errno 30] Read-only file system: '/var/task/dados'
Python process exited with exit status: 1. The logs above can help with debugging the issue.",prj_lVvLvhDy5Su5BqXQzc0KlHQ6nCtI,,,,,
2026-02-10 02:11:28,1770689488033,validacao-tempo-6yourfw2n-gcolumbina25s-projects.vercel.app/,GET,,500,2szzh-1770689488033-1ae1dcc1e3c7,vercel-screenshot/1.0,,production,main,MISS,function,/,validacao-tempo-6yourfw2n-gcolumbina25s-projects.vercel.app,validacao-tempo-6yourfw2n-gcolumbina25s-projects.vercel.app,dpl_FduUDZBAnRaJUCYjq4L94w31ayVw,905,iad1,-1,2048,,prj_lVvLvhDy5Su5BqXQzc0KlHQ6nCtI,,,01KH2N2S9E8F3XA0ZGP6WX14XX,,-1
2026-02-10 02:11:28,1770689488824,validacao-tempo-6yourfw2n-gcolumbina25s-projects.vercel.app/,GET,,500,gkh48-1770689487855-13071c67a883,"Mozilla/5.0 (X11; Linux x86_64) AppleWebKit/537.36 (KHTML, like Gecko) HeadlessChrome/141.0.7390.0 Safari/537.36",error,production,main,MISS,function,/,validacao-tempo-6yourfw2n-gcolumbina25s-projects.vercel.app,validacao-tempo-6yourfw2n-gcolumbina25s-projects.vercel.app,dpl_FduUDZBAnRaJUCYjq4L94w31ayVw,,,,,"Error importing app.py:
Traceback (most recent call last):
File ""/var/task/_vendor/vercel_runtime/vc_init.py"", line 238, in <module>
__vc_spec.loader.exec_module(__vc_module)
File ""<frozen importlib._bootstrap_external>"", line 999, in exec_module
File ""<frozen importlib._bootstrap>"", line 488, in _call_with_frames_removed
File ""/var/task/app.py"", line 484, in <module>
db_init()
File ""/var/task/db_layer.py"", line 185, in init_db
with get_connection() as conn:  # type: Connection
^^^^^^^^^^^^^^^^
File ""/var/task/db_layer.py"", line 177, in get_connection
DATA_DIR.mkdir(parents=True, exist_ok=True)
File ""/var/lang/lib/python3.12/pathlib.py"", line 1311, in mkdir
os.mkdir(self, mode)
OSError: [Errno 30] Read-only file system: '/var/task/dados'
Python process exited with exit status: 1. The logs above can help with debugging the issue.",prj_lVvLvhDy5Su5BqXQzc0KlHQ6nCtI,,,,,
2026-02-10 02:11:27,1770689487855,validacao-tempo-6yourfw2n-gcolumbina25s-projects.vercel.app/,GET,,500,gkh48-1770689487855-13071c67a883,"Mozilla/5.0 (X11; Linux x86_64) AppleWebKit/537.36 (KHTML, like Gecko) HeadlessChrome/141.0.7390.0 Safari/537.36",,production,main,MISS,function,/,validacao-tempo-6yourfw2n-gcolumbina25s-projects.vercel.app,validacao-tempo-6yourfw2n-gcolumbina25s-projects.vercel.app,dpl_FduUDZBAnRaJUCYjq4L94w31ayVw,915,iad1,-1,2048,,prj_lVvLvhDy5Su5BqXQzc0KlHQ6nCtI,,,01KH2N2S0Q5KKCYQQPA27XYQM3,,-1
2026-02-10 02:11:28,1770689488146,validacao-tempo-6yourfw2n-gcolumbina25s-projects.vercel.app/,GET,,500,vch8j-1770689485839-58a3ab130b30,vercel-screenshot/1.0,error,production,main,MISS,function,/,validacao-tempo-6yourfw2n-gcolumbina25s-projects.vercel.app,validacao-tempo-6yourfw2n-gcolumbina25s-projects.vercel.app,dpl_FduUDZBAnRaJUCYjq4L94w31ayVw,,,,,"Error importing app.py:
Traceback (most recent call last):
File ""/var/task/_vendor/vercel_runtime/vc_init.py"", line 238, in <module>
__vc_spec.loader.exec_module(__vc_module)
File ""<frozen importlib._bootstrap_external>"", line 999, in exec_module
File ""<frozen importlib._bootstrap>"", line 488, in _call_with_frames_removed
File ""/var/task/app.py"", line 484, in <module>
db_init()
File ""/var/task/db_layer.py"", line 185, in init_db
with get_connection() as conn:  # type: Connection
^^^^^^^^^^^^^^^^
File ""/var/task/db_layer.py"", line 177, in get_connection
DATA_DIR.mkdir(parents=True, exist_ok=True)
File ""/var/lang/lib/python3.12/pathlib.py"", line 1311, in mkdir
os.mkdir(self, mode)
OSError: [Errno 30] Read-only file system: '/var/task/dados'
Python process exited with exit status: 1. The logs above can help with debugging the issue.
Error importing app.py:
Traceback (most recent call last):
File ""/var/task/_vendor/vercel_runtime/vc_init.py"", line 238, in <module>
__vc_spec.loader.exec_module(__vc_module)
File ""<frozen importlib._bootstrap_external>"", line 999, in exec_module
File ""<frozen importlib._bootstrap>"", line 488, in _call_with_frames_removed
File ""/var/task/app.py"", line 484, in <module>
db_init()
File ""/var/task/db_layer.py"", line 185, in init_db
with get_connection() as conn:  # type: Connection
^^^^^^^^^^^^^^^^
File ""/var/task/db_layer.py"", line 177, in get_connection
DATA_DIR.mkdir(parents=True, exist_ok=True)
File ""/var/lang/lib/python3.12/pathlib.py"", line 1311, in mkdir
os.mkdir(self, mode)
OSError: [Errno 30] Read-only file system: '/var/task/dados'
Python process exited with exit status: 1. The logs above can help with debugging the issue.",prj_lVvLvhDy5Su5BqXQzc0KlHQ6nCtI,,,,,
2026-02-10 02:11:25,1770689485839,validacao-tempo-6yourfw2n-gcolumbina25s-projects.vercel.app/,GET,,500,vch8j-1770689485839-58a3ab130b30,vercel-screenshot/1.0,,production,main,MISS,function,/,validacao-tempo-6yourfw2n-gcolumbina25s-projects.vercel.app,validacao-tempo-6yourfw2n-gcolumbina25s-projects.vercel.app,dpl_FduUDZBAnRaJUCYjq4L94w31ayVw,900,iad1,-1,2048,,prj_lVvLvhDy5Su5BqXQzc0KlHQ6nCtI,,,01KH2N2Q4EW66HRKWTN193RFF0,,-1
2026-02-10 02:11:27,1770689487881,validacao-tempo-6yourfw2n-gcolumbina25s-projects.vercel.app/,GET,,500,88762-1770689485432-399a83019211,vercel-screenshot/1.0,error,production,main,MISS,function,/,validacao-tempo-6yourfw2n-gcolumbina25s-projects.vercel.app,validacao-tempo-6yourfw2n-gcolumbina25s-projects.vercel.app,dpl_FduUDZBAnRaJUCYjq4L94w31ayVw,,,,,"Error importing app.py:
Traceback (most recent call last):
File ""/var/task/_vendor/vercel_runtime/vc_init.py"", line 238, in <module>
__vc_spec.loader.exec_module(__vc_module)
File ""<frozen importlib._bootstrap_external>"", line 999, in exec_module
File ""<frozen importlib._bootstrap>"", line 488, in _call_with_frames_removed
File ""/var/task/app.py"", line 484, in <module>
db_init()
File ""/var/task/db_layer.py"", line 185, in init_db
with get_connection() as conn:  # type: Connection
^^^^^^^^^^^^^^^^
File ""/var/task/db_layer.py"", line 177, in get_connection
DATA_DIR.mkdir(parents=True, exist_ok=True)
File ""/var/lang/lib/python3.12/pathlib.py"", line 1311, in mkdir
os.mkdir(self, mode)
OSError: [Errno 30] Read-only file system: '/var/task/dados'
Python process exited with exit status: 1. The logs above can help with debugging the issue.
Error importing app.py:
Traceback (most recent call last):
File ""/var/task/_vendor/vercel_runtime/vc_init.py"", line 238, in <module>
__vc_spec.loader.exec_module(__vc_module)
File ""<frozen importlib._bootstrap_external>"", line 999, in exec_module
File ""<frozen importlib._bootstrap>"", line 488, in _call_with_frames_removed
File ""/var/task/app.py"", line 484, in <module>
db_init()
File ""/var/task/db_layer.py"", line 185, in init_db
with get_connection() as conn:  # type: Connection
^^^^^^^^^^^^^^^^
File ""/var/task/db_layer.py"", line 177, in get_connection
DATA_DIR.mkdir(parents=True, exist_ok=True)
File ""/var/lang/lib/python3.12/pathlib.py"", line 1311, in mkdir
os.mkdir(self, mode)
OSError: [Errno 30] Read-only file system: '/var/task/dados'
Python process exited with exit status: 1. The logs above can help with debugging the issue.",prj_lVvLvhDy5Su5BqXQzc0KlHQ6nCtI,,,,,
2026-02-10 02:11:25,1770689485432,validacao-tempo-6yourfw2n-gcolumbina25s-projects.vercel.app/,GET,,500,88762-1770689485432-399a83019211,vercel-screenshot/1.0,,production,main,MISS,function,/,validacao-tempo-6yourfw2n-gcolumbina25s-projects.vercel.app,validacao-tempo-6yourfw2n-gcolumbina25s-projects.vercel.app,dpl_FduUDZBAnRaJUCYjq4L94w31ayVw,970,iad1,-1,2048,,prj_lVvLvhDy5Su5BqXQzc0KlHQ6nCtI,,,01KH2N2PQRVFXVM4HQVMXCJ0RR,,-1
2026-02-10 02:11:27,1770689487890,validacao-tempo-6yourfw2n-gcolumbina25s-projects.vercel.app/,GET,,500,8tf8f-1770689485304-2a61c373d41d,"Mozilla/5.0 (X11; Linux x86_64) AppleWebKit/537.36 (KHTML, like Gecko) HeadlessChrome/141.0.7390.0 Safari/537.36",error,production,main,MISS,function,/,validacao-tempo-6yourfw2n-gcolumbina25s-projects.vercel.app,validacao-tempo-6yourfw2n-gcolumbina25s-projects.vercel.app,dpl_FduUDZBAnRaJUCYjq4L94w31ayVw,,,,,"Error importing app.py:
Traceback (most recent call last):
File ""/var/task/_vendor/vercel_runtime/vc_init.py"", line 238, in <module>
__vc_spec.loader.exec_module(__vc_module)
File ""<frozen importlib._bootstrap_external>"", line 999, in exec_module
File ""<frozen importlib._bootstrap>"", line 488, in _call_with_frames_removed
File ""/var/task/app.py"", line 484, in <module>
db_init()
File ""/var/task/db_layer.py"", line 185, in init_db
with get_connection() as conn:  # type: Connection
^^^^^^^^^^^^^^^^
File ""/var/task/db_layer.py"", line 177, in get_connection
DATA_DIR.mkdir(parents=True, exist_ok=True)
File ""/var/lang/lib/python3.12/pathlib.py"", line 1311, in mkdir
os.mkdir(self, mode)
OSError: [Errno 30] Read-only file system: '/var/task/dados'
Python process exited with exit status: 1. The logs above can help with debugging the issue.
Error importing app.py:
Traceback (most recent call last):
File ""/var/task/_vendor/vercel_runtime/vc_init.py"", line 238, in <module>
__vc_spec.loader.exec_module(__vc_module)
File ""<frozen importlib._bootstrap_external>"", line 999, in exec_module
File ""<frozen importlib._bootstrap>"", line 488, in _call_with_frames_removed
File ""/var/task/app.py"", line 484, in <module>
db_init()
File ""/var/task/db_layer.py"", line 185, in init_db
with get_connection() as conn:  # type: Connection
^^^^^^^^^^^^^^^^
File ""/var/task/db_layer.py"", line 177, in get_connection
DATA_DIR.mkdir(parents=True, exist_ok=True)
File ""/var/lang/lib/python3.12/pathlib.py"", line 1311, in mkdir
os.mkdir(self, mode)
OSError: [Errno 30] Read-only file system: '/var/task/dados'
Python process exited with exit status: 1. The logs above can help with debugging the issue.",prj_lVvLvhDy5Su5BqXQzc0KlHQ6nCtI,,,,,
2026-02-10 02:11:25,1770689485304,validacao-tempo-6yourfw2n-gcolumbina25s-projects.vercel.app/,GET,,500,8tf8f-1770689485304-2a61c373d41d,"Mozilla/5.0 (X11; Linux x86_64) AppleWebKit/537.36 (KHTML, like Gecko) HeadlessChrome/141.0.7390.0 Safari/537.36",,production,main,MISS,function,/,validacao-tempo-6yourfw2n-gcolumbina25s-projects.vercel.app,validacao-tempo-6yourfw2n-gcolumbina25s-projects.vercel.app,dpl_FduUDZBAnRaJUCYjq4L94w31ayVw,938,iad1,-1,2048,,prj_lVvLvhDy5Su5BqXQzc0KlHQ6nCtI,,,01KH2N2PQEK4QG6ER2BSYDS47T,,-1
2026-02-10 02:11:27,1770689487802,validacao-tempo-6yourfw2n-gcolumbina25s-projects.vercel.app/,GET,,500,gbhh4-1770689485250-c637d373dd05,"Mozilla/5.0 (X11; Linux x86_64) AppleWebKit/537.36 (KHTML, like Gecko) HeadlessChrome/141.0.7390.0 Safari/537.36",error,production,main,MISS,function,/,validacao-tempo-6yourfw2n-gcolumbina25s-projects.vercel.app,validacao-tempo-6yourfw2n-gcolumbina25s-projects.vercel.app,dpl_FduUDZBAnRaJUCYjq4L94w31ayVw,,,,,"Error importing app.py:
Traceback (most recent call last):
File ""/var/task/_vendor/vercel_runtime/vc_init.py"", line 238, in <module>
__vc_spec.loader.exec_module(__vc_module)
File ""<frozen importlib._bootstrap_external>"", line 999, in exec_module
File ""<frozen importlib._bootstrap>"", line 488, in _call_with_frames_removed
File ""/var/task/app.py"", line 484, in <module>
db_init()
File ""/var/task/db_layer.py"", line 185, in init_db
with get_connection() as conn:  # type: Connection
^^^^^^^^^^^^^^^^
File ""/var/task/db_layer.py"", line 177, in get_connection
DATA_DIR.mkdir(parents=True, exist_ok=True)
File ""/var/lang/lib/python3.12/pathlib.py"", line 1311, in mkdir
os.mkdir(self, mode)
OSError: [Errno 30] Read-only file system: '/var/task/dados'
Python process exited with exit status: 1. The logs above can help with debugging the issue.
Error importing app.py:
Traceback (most recent call last):
File ""/var/task/_vendor/vercel_runtime/vc_init.py"", line 238, in <module>
__vc_spec.loader.exec_module(__vc_module)
File ""<frozen importlib._bootstrap_external>"", line 999, in exec_module
File ""<frozen importlib._bootstrap>"", line 488, in _call_with_frames_removed
File ""/var/task/app.py"", line 484, in <module>
db_init()
File ""/var/task/db_layer.py"", line 185, in init_db
with get_connection() as conn:  # type: Connection
^^^^^^^^^^^^^^^^
File ""/var/task/db_layer.py"", line 177, in get_connection
DATA_DIR.mkdir(parents=True, exist_ok=True)
File ""/var/lang/lib/python3.12/pathlib.py"", line 1311, in mkdir
os.mkdir(self, mode)
OSError: [Errno 30] Read-only file system: '/var/task/dados'
Python process exited with exit status: 1. The logs above can help with debugging the issue.",prj_lVvLvhDy5Su5BqXQzc0KlHQ6nCtI,,,,,
2026-02-10 02:11:25,1770689485250,validacao-tempo-6yourfw2n-gcolumbina25s-projects.vercel.app/,GET,,500,gbhh4-1770689485250-c637d373dd05,"Mozilla/5.0 (X11; Linux x86_64) AppleWebKit/537.36 (KHTML, like Gecko) HeadlessChrome/141.0.7390.0 Safari/537.36",,production,main,MISS,function,/,validacao-tempo-6yourfw2n-gcolumbina25s-projects.vercel.app,validacao-tempo-6yourfw2n-gcolumbina25s-projects.vercel.app,dpl_FduUDZBAnRaJUCYjq4L94w31ayVw,941,iad1,-1,2048,,prj_lVvLvhDy5Su5BqXQzc0KlHQ6nCtI,,,01KH2N2PQEK4QG6ER2BXM457MH,,-1
2026-02-10 02:08:39,1770689319664,validacao-tempo-4unca1onb-gcolumbina25s-projects.vercel.app/favicon.png,GET,,500,hj4hw-1770689318686-96b1c78943a6,vercel-favicon/1.0,error,production,main,MISS,function,/favicon.png,validacao-tempo-4unca1onb-gcolumbina25s-projects.vercel.app,validacao-tempo-4unca1onb-gcolumbina25s-projects.vercel.app,dpl_kzVUFiLvvV34Ptvs7AL1RHvy82v7,,,,,"Error importing app.py:
Traceback (most recent call last):
File ""/var/task/_vendor/vercel_runtime/vc_init.py"", line 238, in <module>
__vc_spec.loader.exec_module(__vc_module)
File ""<frozen importlib._bootstrap_external>"", line 999, in exec_module
File ""<frozen importlib._bootstrap>"", line 488, in _call_with_frames_removed
File ""/var/task/app.py"", line 484, in <module>
db_init()
File ""/var/task/db_layer.py"", line 185, in init_db
with get_connection() as conn:  # type: Connection
^^^^^^^^^^^^^^^^
File ""/var/task/db_layer.py"", line 177, in get_connection
DATA_DIR.mkdir(parents=True, exist_ok=True)
File ""/var/lang/lib/python3.12/pathlib.py"", line 1311, in mkdir
os.mkdir(self, mode)
OSError: [Errno 30] Read-only file system: '/var/task/dados'
Python process exited with exit status: 1. The logs above can help with debugging the issue.",prj_lVvLvhDy5Su5BqXQzc0KlHQ6nCtI,,,,,
2026-02-10 02:08:38,1770689318686,validacao-tempo-4unca1onb-gcolumbina25s-projects.vercel.app/favicon.png,GET,,500,hj4hw-1770689318686-96b1c78943a6,vercel-favicon/1.0,,production,main,MISS,function,/,validacao-tempo-4unca1onb-gcolumbina25s-projects.vercel.app,validacao-tempo-4unca1onb-gcolumbina25s-projects.vercel.app,dpl_kzVUFiLvvV34Ptvs7AL1RHvy82v7,925,iad1,-1,2048,,prj_lVvLvhDy5Su5BqXQzc0KlHQ6nCtI,,,01KH2MXKT2WAT3W3MS1NBTBT5N,,-1
2026-02-10 02:08:36,1770689316621,validacao-tempo-4unca1onb-gcolumbina25s-projects.vercel.app/favicon.png,GET,,500,6pr9j-1770689315653-57cd24ec0878,vercel-favicon/1.0,error,production,main,MISS,function,/favicon.png,validacao-tempo-4unca1onb-gcolumbina25s-projects.vercel.app,validacao-tempo-4unca1onb-gcolumbina25s-projects.vercel.app,dpl_kzVUFiLvvV34Ptvs7AL1RHvy82v7,,,,,"Error importing app.py:
Traceback (most recent call last):
File ""/var/task/_vendor/vercel_runtime/vc_init.py"", line 238, in <module>
__vc_spec.loader.exec_module(__vc_module)
File ""<frozen importlib._bootstrap_external>"", line 999, in exec_module
File ""<frozen importlib._bootstrap>"", line 488, in _call_with_frames_removed
File ""/var/task/app.py"", line 484, in <module>
db_init()
File ""/var/task/db_layer.py"", line 185, in init_db
with get_connection() as conn:  # type: Connection
^^^^^^^^^^^^^^^^
File ""/var/task/db_layer.py"", line 177, in get_connection
DATA_DIR.mkdir(parents=True, exist_ok=True)
File ""/var/lang/lib/python3.12/pathlib.py"", line 1311, in mkdir
os.mkdir(self, mode)
OSError: [Errno 30] Read-only file system: '/var/task/dados'
Python process exited with exit status: 1. The logs above can help with debugging the issue.",prj_lVvLvhDy5Su5BqXQzc0KlHQ6nCtI,,,,,
2026-02-10 02:08:35,1770689315653,validacao-tempo-4unca1onb-gcolumbina25s-projects.vercel.app/favicon.png,GET,,500,6pr9j-1770689315653-57cd24ec0878,vercel-favicon/1.0,,production,main,MISS,function,/,validacao-tempo-4unca1onb-gcolumbina25s-projects.vercel.app,validacao-tempo-4unca1onb-gcolumbina25s-projects.vercel.app,dpl_kzVUFiLvvV34Ptvs7AL1RHvy82v7,916,iad1,-1,2048,,prj_lVvLvhDy5Su5BqXQzc0KlHQ6nCtI,,,01KH2MXGV9729W368ZWAJDAZZD,,-1
2026-02-10 02:08:34,1770689314561,validacao-tempo-4unca1onb-gcolumbina25s-projects.vercel.app/favicon.png,GET,,500,wv2c6-1770689313584-8822b5e14d38,vercel-favicon/1.0,error,production,main,MISS,function,/favicon.png,validacao-tempo-4unca1onb-gcolumbina25s-projects.vercel.app,validacao-tempo-4unca1onb-gcolumbina25s-projects.vercel.app,dpl_kzVUFiLvvV34Ptvs7AL1RHvy82v7,,,,,"Error importing app.py:
Traceback (most recent call last):
File ""/var/task/_vendor/vercel_runtime/vc_init.py"", line 238, in <module>
__vc_spec.loader.exec_module(__vc_module)
File ""<frozen importlib._bootstrap_external>"", line 999, in exec_module
File ""<frozen importlib._bootstrap>"", line 488, in _call_with_frames_removed
File ""/var/task/app.py"", line 484, in <module>
db_init()
File ""/var/task/db_layer.py"", line 185, in init_db
with get_connection() as conn:  # type: Connection
^^^^^^^^^^^^^^^^
File ""/var/task/db_layer.py"", line 177, in get_connection
DATA_DIR.mkdir(parents=True, exist_ok=True)
File ""/var/lang/lib/python3.12/pathlib.py"", line 1311, in mkdir
os.mkdir(self, mode)
OSError: [Errno 30] Read-only file system: '/var/task/dados'
Python process exited with exit status: 1. The logs above can help with debugging the issue.",prj_lVvLvhDy5Su5BqXQzc0KlHQ6nCtI,,,,,
2026-02-10 02:08:33,1770689313584,validacao-tempo-4unca1onb-gcolumbina25s-projects.vercel.app/favicon.png,GET,,500,wv2c6-1770689313584-8822b5e14d38,vercel-favicon/1.0,,production,main,MISS,function,/,validacao-tempo-4unca1onb-gcolumbina25s-projects.vercel.app,validacao-tempo-4unca1onb-gcolumbina25s-projects.vercel.app,dpl_kzVUFiLvvV34Ptvs7AL1RHvy82v7,922,iad1,-1,2048,,prj_lVvLvhDy5Su5BqXQzc0KlHQ6nCtI,,,01KH2MXETRFTN73DRR8N1FKP46,,-1
2026-02-10 02:08:33,1770689313547,validacao-tempo-4unca1onb-gcolumbina25s-projects.vercel.app/favicon.ico,GET,,500,l7h5n-1770689312569-72198687f223,vercel-favicon/1.0,error,production,main,MISS,function,/favicon.ico,validacao-tempo-4unca1onb-gcolumbina25s-projects.vercel.app,validacao-tempo-4unca1onb-gcolumbina25s-projects.vercel.app,dpl_kzVUFiLvvV34Ptvs7AL1RHvy82v7,,,,,"Error importing app.py:
Traceback (most recent call last):
File ""/var/task/_vendor/vercel_runtime/vc_init.py"", line 238, in <module>
__vc_spec.loader.exec_module(__vc_module)
File ""<frozen importlib._bootstrap_external>"", line 999, in exec_module
File ""<frozen importlib._bootstrap>"", line 488, in _call_with_frames_removed
File ""/var/task/app.py"", line 484, in <module>
db_init()
File ""/var/task/db_layer.py"", line 185, in init_db
with get_connection() as conn:  # type: Connection
^^^^^^^^^^^^^^^^
File ""/var/task/db_layer.py"", line 177, in get_connection
DATA_DIR.mkdir(parents=True, exist_ok=True)
File ""/var/lang/lib/python3.12/pathlib.py"", line 1311, in mkdir
os.mkdir(self, mode)
OSError: [Errno 30] Read-only file system: '/var/task/dados'
Python process exited with exit status: 1. The logs above can help with debugging the issue.",prj_lVvLvhDy5Su5BqXQzc0KlHQ6nCtI,,,,,
2026-02-10 02:08:32,1770689312569,validacao-tempo-4unca1onb-gcolumbina25s-projects.vercel.app/favicon.ico,GET,,500,l7h5n-1770689312569-72198687f223,vercel-favicon/1.0,,production,main,MISS,function,/,validacao-tempo-4unca1onb-gcolumbina25s-projects.vercel.app,validacao-tempo-4unca1onb-gcolumbina25s-projects.vercel.app,dpl_kzVUFiLvvV34Ptvs7AL1RHvy82v7,923,iad1,-1,2048,,prj_lVvLvhDy5Su5BqXQzc0KlHQ6nCtI,,,01KH2MXDTW93JTBZE4HC8KF8G7,,-1
2026-02-10 02:08:31,1770689311888,validacao-tempo-4unca1onb-gcolumbina25s-projects.vercel.app/favicon.png,GET,,500,r95x2-1770689310923-6867067a1391,vercel-favicon/1.0,error,production,main,MISS,function,/favicon.png,validacao-tempo-4unca1onb-gcolumbina25s-projects.vercel.app,validacao-tempo-4unca1onb-gcolumbina25s-projects.vercel.app,dpl_kzVUFiLvvV34Ptvs7AL1RHvy82v7,,,,,"Error importing app.py:
Traceback (most recent call last):
File ""/var/task/_vendor/vercel_runtime/vc_init.py"", line 238, in <module>
__vc_spec.loader.exec_module(__vc_module)
File ""<frozen importlib._bootstrap_external>"", line 999, in exec_module
File ""<frozen importlib._bootstrap>"", line 488, in _call_with_frames_removed
File ""/var/task/app.py"", line 484, in <module>
db_init()
File ""/var/task/db_layer.py"", line 185, in init_db
with get_connection() as conn:  # type: Connection
^^^^^^^^^^^^^^^^
File ""/var/task/db_layer.py"", line 177, in get_connection
DATA_DIR.mkdir(parents=True, exist_ok=True)
File ""/var/lang/lib/python3.12/pathlib.py"", line 1311, in mkdir
os.mkdir(self, mode)
OSError: [Errno 30] Read-only file system: '/var/task/dados'
Python process exited with exit status: 1. The logs above can help with debugging the issue.",prj_lVvLvhDy5Su5BqXQzc0KlHQ6nCtI,,,,,
2026-02-10 02:08:30,1770689310923,validacao-tempo-4unca1onb-gcolumbina25s-projects.vercel.app/favicon.png,GET,,500,r95x2-1770689310923-6867067a1391,vercel-favicon/1.0,,production,main,MISS,function,/,validacao-tempo-4unca1onb-gcolumbina25s-projects.vercel.app,validacao-tempo-4unca1onb-gcolumbina25s-projects.vercel.app,dpl_kzVUFiLvvV34Ptvs7AL1RHvy82v7,912,iad1,-1,2048,,prj_lVvLvhDy5Su5BqXQzc0KlHQ6nCtI,,,01KH2MXC7H4W5B18E1XQ1YRTCW,,-1
2026-02-10 02:08:30,1770689310436,validacao-tempo-4unca1onb-gcolumbina25s-projects.vercel.app/favicon.ico,GET,,500,4nnph-1770689309478-33ff6b3ca127,vercel-favicon/1.0,error,production,main,MISS,function,/favicon.ico,validacao-tempo-4unca1onb-gcolumbina25s-projects.vercel.app,validacao-tempo-4unca1onb-gcolumbina25s-projects.vercel.app,dpl_kzVUFiLvvV34Ptvs7AL1RHvy82v7,,,,,"Error importing app.py:
Traceback (most recent call last):
File ""/var/task/_vendor/vercel_runtime/vc_init.py"", line 238, in <module>
__vc_spec.loader.exec_module(__vc_module)
File ""<frozen importlib._bootstrap_external>"", line 999, in exec_module
File ""<frozen importlib._bootstrap>"", line 488, in _call_with_frames_removed
File ""/var/task/app.py"", line 484, in <module>
db_init()
File ""/var/task/db_layer.py"", line 185, in init_db
with get_connection() as conn:  # type: Connection
^^^^^^^^^^^^^^^^
File ""/var/task/db_layer.py"", line 177, in get_connection
DATA_DIR.mkdir(parents=True, exist_ok=True)
File ""/var/lang/lib/python3.12/pathlib.py"", line 1311, in mkdir
os.mkdir(self, mode)
OSError: [Errno 30] Read-only file system: '/var/task/dados'
Python process exited with exit status: 1. The logs above can help with debugging the issue.",prj_lVvLvhDy5Su5BqXQzc0KlHQ6nCtI,,,,,
2026-02-10 02:08:29,1770689309478,validacao-tempo-4unca1onb-gcolumbina25s-projects.vercel.app/favicon.ico,GET,,500,4nnph-1770689309478-33ff6b3ca127,vercel-favicon/1.0,,production,main,MISS,function,/,validacao-tempo-4unca1onb-gcolumbina25s-projects.vercel.app,validacao-tempo-4unca1onb-gcolumbina25s-projects.vercel.app,dpl_kzVUFiLvvV34Ptvs7AL1RHvy82v7,905,iad1,-1,2048,,prj_lVvLvhDy5Su5BqXQzc0KlHQ6nCtI,,,01KH2MXATAR2KS78ZC6S1ZSWKV,,-1
2026-02-10 02:08:28,1770689308803,validacao-tempo-4unca1onb-gcolumbina25s-projects.vercel.app/favicon.png,GET,,500,vzknw-1770689307825-a5b980b40977,vercel-favicon/1.0,error,production,main,MISS,function,/favicon.png,validacao-tempo-4unca1onb-gcolumbina25s-projects.vercel.app,validacao-tempo-4unca1onb-gcolumbina25s-projects.vercel.app,dpl_kzVUFiLvvV34Ptvs7AL1RHvy82v7,,,,,"Error importing app.py:
Traceback (most recent call last):
File ""/var/task/_vendor/vercel_runtime/vc_init.py"", line 238, in <module>
__vc_spec.loader.exec_module(__vc_module)
File ""<frozen importlib._bootstrap_external>"", line 999, in exec_module
File ""<frozen importlib._bootstrap>"", line 488, in _call_with_frames_removed
File ""/var/task/app.py"", line 484, in <module>
db_init()
File ""/var/task/db_layer.py"", line 185, in init_db
with get_connection() as conn:  # type: Connection
^^^^^^^^^^^^^^^^
File ""/var/task/db_layer.py"", line 177, in get_connection
DATA_DIR.mkdir(parents=True, exist_ok=True)
File ""/var/lang/lib/python3.12/pathlib.py"", line 1311, in mkdir
os.mkdir(self, mode)
OSError: [Errno 30] Read-only file system: '/var/task/dados'
Python process exited with exit status: 1. The logs above can help with debugging the issue.",prj_lVvLvhDy5Su5BqXQzc0KlHQ6nCtI,,,,,
2026-02-10 02:08:27,1770689307825,validacao-tempo-4unca1onb-gcolumbina25s-projects.vercel.app/favicon.png,GET,,500,vzknw-1770689307825-a5b980b40977,vercel-favicon/1.0,,production,main,MISS,function,/,validacao-tempo-4unca1onb-gcolumbina25s-projects.vercel.app,validacao-tempo-4unca1onb-gcolumbina25s-projects.vercel.app,dpl_kzVUFiLvvV34Ptvs7AL1RHvy82v7,923,iad1,-1,2048,,prj_lVvLvhDy5Su5BqXQzc0KlHQ6nCtI,,,01KH2MX96PD6701CYS4HQ41K41,,-1
2026-02-10 02:08:28,1770689308428,validacao-tempo-4unca1onb-gcolumbina25s-projects.vercel.app/favicon.ico,GET,,500,vch8j-1770689307451-301c0b1bb1cb,vercel-favicon/1.0,error,production,main,MISS,function,/favicon.ico,validacao-tempo-4unca1onb-gcolumbina25s-projects.vercel.app,validacao-tempo-4unca1onb-gcolumbina25s-projects.vercel.app,dpl_kzVUFiLvvV34Ptvs7AL1RHvy82v7,,,,,"Error importing app.py:
Traceback (most recent call last):
File ""/var/task/_vendor/vercel_runtime/vc_init.py"", line 238, in <module>
__vc_spec.loader.exec_module(__vc_module)
File ""<frozen importlib._bootstrap_external>"", line 999, in exec_module
File ""<frozen importlib._bootstrap>"", line 488, in _call_with_frames_removed
File ""/var/task/app.py"", line 484, in <module>
db_init()
File ""/var/task/db_layer.py"", line 185, in init_db
with get_connection() as conn:  # type: Connection
^^^^^^^^^^^^^^^^
File ""/var/task/db_layer.py"", line 177, in get_connection
DATA_DIR.mkdir(parents=True, exist_ok=True)
File ""/var/lang/lib/python3.12/pathlib.py"", line 1311, in mkdir
os.mkdir(self, mode)
OSError: [Errno 30] Read-only file system: '/var/task/dados'
Python process exited with exit status: 1. The logs above can help with debugging the issue.",prj_lVvLvhDy5Su5BqXQzc0KlHQ6nCtI,,,,,
2026-02-10 02:08:27,1770689307451,validacao-tempo-4unca1onb-gcolumbina25s-projects.vercel.app/favicon.ico,GET,,500,vch8j-1770689307451-301c0b1bb1cb,vercel-favicon/1.0,,production,main,MISS,function,/,validacao-tempo-4unca1onb-gcolumbina25s-projects.vercel.app,validacao-tempo-4unca1onb-gcolumbina25s-projects.vercel.app,dpl_kzVUFiLvvV34Ptvs7AL1RHvy82v7,920,iad1,-1,2048,,prj_lVvLvhDy5Su5BqXQzc0KlHQ6nCtI,,,01KH2MX8V437D8VC1V8T1ZB6P8,,-1
2026-02-10 02:08:27,1770689307302,validacao-tempo-4unca1onb-gcolumbina25s-projects.vercel.app/,GET,,500,x7cwl-1770689306311-868c54371b46,vercel-favicon/1.0,error,production,main,MISS,function,/,validacao-tempo-4unca1onb-gcolumbina25s-projects.vercel.app,validacao-tempo-4unca1onb-gcolumbina25s-projects.vercel.app,dpl_kzVUFiLvvV34Ptvs7AL1RHvy82v7,,,,,"Error importing app.py:
Traceback (most recent call last):
File ""/var/task/_vendor/vercel_runtime/vc_init.py"", line 238, in <module>
__vc_spec.loader.exec_module(__vc_module)
File ""<frozen importlib._bootstrap_external>"", line 999, in exec_module
File ""<frozen importlib._bootstrap>"", line 488, in _call_with_frames_removed
File ""/var/task/app.py"", line 484, in <module>
db_init()
File ""/var/task/db_layer.py"", line 185, in init_db
with get_connection() as conn:  # type: Connection
^^^^^^^^^^^^^^^^
File ""/var/task/db_layer.py"", line 177, in get_connection
DATA_DIR.mkdir(parents=True, exist_ok=True)
File ""/var/lang/lib/python3.12/pathlib.py"", line 1311, in mkdir
os.mkdir(self, mode)
OSError: [Errno 30] Read-only file system: '/var/task/dados'
Python process exited with exit status: 1. The logs above can help with debugging the issue.",prj_lVvLvhDy5Su5BqXQzc0KlHQ6nCtI,,,,,
2026-02-10 02:08:26,1770689306311,validacao-tempo-4unca1onb-gcolumbina25s-projects.vercel.app/,GET,,500,x7cwl-1770689306311-868c54371b46,vercel-favicon/1.0,,production,main,MISS,function,/,validacao-tempo-4unca1onb-gcolumbina25s-projects.vercel.app,validacao-tempo-4unca1onb-gcolumbina25s-projects.vercel.app,dpl_kzVUFiLvvV34Ptvs7AL1RHvy82v7,933,iad1,-1,2048,,prj_lVvLvhDy5Su5BqXQzc0KlHQ6nCtI,,,01KH2MX7QECX0NXWBGA415FCFE,,-1
2026-02-10 02:08:27,1770689307317,validacao-tempo-4unca1onb-gcolumbina25s-projects.vercel.app/favicon.ico,GET,,500,w8vvg-1770689306168-09d5bbf14d9f,"Mozilla/5.0 (Macintosh; Intel Mac OS X 10_15_7) AppleWebKit/537.36 (KHTML, like Gecko) Chrome/142.0.0.0 Safari/537.36 OPR/126.0.0.0",error,production,main,MISS,function,/favicon.ico,validacao-tempo-4unca1onb-gcolumbina25s-projects.vercel.app,validacao-tempo-4unca1onb-gcolumbina25s-projects.vercel.app,dpl_kzVUFiLvvV34Ptvs7AL1RHvy82v7,,,,,"Error importing app.py:
Traceback (most recent call last):
File ""/var/task/_vendor/vercel_runtime/vc_init.py"", line 238, in <module>
__vc_spec.loader.exec_module(__vc_module)
File ""<frozen importlib._bootstrap_external>"", line 999, in exec_module
File ""<frozen importlib._bootstrap>"", line 488, in _call_with_frames_removed
File ""/var/task/app.py"", line 484, in <module>
db_init()
File ""/var/task/db_layer.py"", line 185, in init_db
with get_connection() as conn:  # type: Connection
^^^^^^^^^^^^^^^^
File ""/var/task/db_layer.py"", line 177, in get_connection
DATA_DIR.mkdir(parents=True, exist_ok=True)
File ""/var/lang/lib/python3.12/pathlib.py"", line 1311, in mkdir
os.mkdir(self, mode)
OSError: [Errno 30] Read-only file system: '/var/task/dados'
Python process exited with exit status: 1. The logs above can help with debugging the issue.",prj_lVvLvhDy5Su5BqXQzc0KlHQ6nCtI,,,,,
2026-02-10 02:08:26,1770689306168,validacao-tempo-4unca1onb-gcolumbina25s-projects.vercel.app/favicon.ico,GET,,500,w8vvg-1770689306168-09d5bbf14d9f,"Mozilla/5.0 (Macintosh; Intel Mac OS X 10_15_7) AppleWebKit/537.36 (KHTML, like Gecko) Chrome/142.0.0.0 Safari/537.36 OPR/126.0.0.0",,production,main,MISS,function,/,validacao-tempo-4unca1onb-gcolumbina25s-projects.vercel.app,validacao-tempo-4unca1onb-gcolumbina25s-projects.vercel.app,dpl_kzVUFiLvvV34Ptvs7AL1RHvy82v7,921,iad1,-1,2048,,prj_lVvLvhDy5Su5BqXQzc0KlHQ6nCtI,,,01KH2MX7RBHH6BZMQNCWC7Q3A7,,-1
2026-02-10 02:08:26,1770689306725,validacao-tempo-4unca1onb-gcolumbina25s-projects.vercel.app/favicon.png,GET,,,zq2d7-1770689305874-4dcd66fb5033,vercel-favicon/1.0,error,production,main,,function,,validacao-tempo-4unca1onb-gcolumbina25s-projects.vercel.app,validacao-tempo-4unca1onb-gcolumbina25s-projects.vercel.app,dpl_kzVUFiLvvV34Ptvs7AL1RHvy82v7,,,,,"Error importing app.py:
Traceback (most recent call last):
File ""/var/task/_vendor/vercel_runtime/vc_init.py"", line 238, in <module>
__vc_spec.loader.exec_module(__vc_module)
File ""<frozen importlib._bootstrap_external>"", line 999, in exec_module
File ""<frozen importlib._bootstrap>"", line 488, in _call_with_frames_removed
File ""/var/task/app.py"", line 484, in <module>
db_init()
File ""/var/task/db_layer.py"", line 185, in init_db
with get_connection() as conn:  # type: Connection
^^^^^^^^^^^^^^^^
File ""/var/task/db_layer.py"", line 177, in get_connection
DATA_DIR.mkdir(parents=True, exist_ok=True)
File ""/var/lang/lib/python3.12/pathlib.py"", line 1311, in mkdir
os.mkdir(self, mode)
OSError: [Errno 30] Read-only file system: '/var/task/dados'
Python process exited with exit status: 1. The logs above can help with debugging the issue.",prj_lVvLvhDy5Su5BqXQzc0KlHQ6nCtI,,,,,
2026-02-10 02:08:25,1770689305874,validacao-tempo-4unca1onb-gcolumbina25s-projects.vercel.app/favicon.png,GET,,,zq2d7-1770689305874-4dcd66fb5033,vercel-favicon/1.0,,production,main,,function,/,validacao-tempo-4unca1onb-gcolumbina25s-projects.vercel.app,validacao-tempo-4unca1onb-gcolumbina25s-projects.vercel.app,dpl_kzVUFiLvvV34Ptvs7AL1RHvy82v7,800,iad1,-1,2048,,prj_lVvLvhDy5Su5BqXQzc0KlHQ6nCtI,,,01KH2MX79PDD4RT07H1GJJS0K6,,-1
2026-02-10 02:08:25,1770689305857,validacao-tempo-4unca1onb-gcolumbina25s-projects.vercel.app/,GET,,500,7qnts-1770689304773-7fb5da4489f8,"Mozilla/5.0 (Macintosh; Intel Mac OS X 10_15_7) AppleWebKit/537.36 (KHTML, like Gecko) Chrome/142.0.0.0 Safari/537.36 OPR/126.0.0.0",error,production,main,MISS,function,/,validacao-tempo-4unca1onb-gcolumbina25s-projects.vercel.app,validacao-tempo-4unca1onb-gcolumbina25s-projects.vercel.app,dpl_kzVUFiLvvV34Ptvs7AL1RHvy82v7,,,,,"Error importing app.py:
Traceback (most recent call last):
File ""/var/task/_vendor/vercel_runtime/vc_init.py"", line 238, in <module>
__vc_spec.loader.exec_module(__vc_module)
File ""<frozen importlib._bootstrap_external>"", line 999, in exec_module
File ""<frozen importlib._bootstrap>"", line 488, in _call_with_frames_removed
File ""/var/task/app.py"", line 484, in <module>
db_init()
File ""/var/task/db_layer.py"", line 185, in init_db
with get_connection() as conn:  # type: Connection
^^^^^^^^^^^^^^^^
File ""/var/task/db_layer.py"", line 177, in get_connection
DATA_DIR.mkdir(parents=True, exist_ok=True)
File ""/var/lang/lib/python3.12/pathlib.py"", line 1311, in mkdir
os.mkdir(self, mode)
OSError: [Errno 30] Read-only file system: '/var/task/dados'
Python process exited with exit status: 1. The logs above can help with debugging the issue.",prj_lVvLvhDy5Su5BqXQzc0KlHQ6nCtI,,,,,
2026-02-10 02:08:24,1770689304773,validacao-tempo-4unca1onb-gcolumbina25s-projects.vercel.app/,GET,,500,7qnts-1770689304773-7fb5da4489f8,"Mozilla/5.0 (Macintosh; Intel Mac OS X 10_15_7) AppleWebKit/537.36 (KHTML, like Gecko) Chrome/142.0.0.0 Safari/537.36 OPR/126.0.0.0",,production,main,MISS,function,/,validacao-tempo-4unca1onb-gcolumbina25s-projects.vercel.app,validacao-tempo-4unca1onb-gcolumbina25s-projects.vercel.app,dpl_kzVUFiLvvV34Ptvs7AL1RHvy82v7,831,iad1,-1,2048,,prj_lVvLvhDy5Su5BqXQzc0KlHQ6nCtI,,,01KH2MX6DM1N0G27DRJ6YW39PQ,,-1
2026-02-10 02:08:25,1770689305722,validacao-tempo-4unca1onb-gcolumbina25s-projects.vercel.app/favicon.ico,GET,,500,fxgj8-1770689304723-7e81b1d8edb0,vercel-favicon/1.0,error,production,main,MISS,function,/favicon.ico,validacao-tempo-4unca1onb-gcolumbina25s-projects.vercel.app,validacao-tempo-4unca1onb-gcolumbina25s-projects.vercel.app,dpl_kzVUFiLvvV34Ptvs7AL1RHvy82v7,,,,,"Error importing app.py:
Traceback (most recent call last):
File ""/var/task/_vendor/vercel_runtime/vc_init.py"", line 238, in <module>
__vc_spec.loader.exec_module(__vc_module)
File ""<frozen importlib._bootstrap_external>"", line 999, in exec_module
File ""<frozen importlib._bootstrap>"", line 488, in _call_with_frames_removed
File ""/var/task/app.py"", line 484, in <module>
db_init()
File ""/var/task/db_layer.py"", line 185, in init_db
with get_connection() as conn:  # type: Connection
^^^^^^^^^^^^^^^^
File ""/var/task/db_layer.py"", line 177, in get_connection
DATA_DIR.mkdir(parents=True, exist_ok=True)
File ""/var/lang/lib/python3.12/pathlib.py"", line 1311, in mkdir
os.mkdir(self, mode)
OSError: [Errno 30] Read-only file system: '/var/task/dados'
Python process exited with exit status: 1. The logs above can help with debugging the issue.",prj_lVvLvhDy5Su5BqXQzc0KlHQ6nCtI,,,,,
2026-02-10 02:08:24,1770689304723,validacao-tempo-4unca1onb-gcolumbina25s-projects.vercel.app/favicon.ico,GET,,500,fxgj8-1770689304723-7e81b1d8edb0,vercel-favicon/1.0,,production,main,MISS,function,/,validacao-tempo-4unca1onb-gcolumbina25s-projects.vercel.app,validacao-tempo-4unca1onb-gcolumbina25s-projects.vercel.app,dpl_kzVUFiLvvV34Ptvs7AL1RHvy82v7,944,iad1,-1,2048,,prj_lVvLvhDy5Su5BqXQzc0KlHQ6nCtI,,,01KH2MX65TNAM97RP1826HNGF5,,-1
2026-02-10 02:08:24,1770689304431,validacao-tempo-4unca1onb-gcolumbina25s-projects.vercel.app/,GET,_vercel_jwt=eyJhbGciOiJIUzI1NiJ9.eyJzdWIiOiJzc28tcHJvdGVjdGlvbi1jYWxsYmFjayIsImF1ZCI6InZhbGlkYWNhby10ZW1wby00dW5jYTFvbmItZ2NvbHVtYmluYTI1cy1wcm9qZWN0cy52ZXJjZWwuYXBwIiwiaWF0IjoxNzcwNjg5MzA0LCJleHAiOjE3NzA2ODkzMTQsInVzZXJJZCI6InlDYVNsVHhkYmV5MXdvVmZOdDNtbHZjNCIsInVzZXJuYW1lIjoiZ2NvbHVtYmluYTI1Iiwibm9uY2UiOiIyODlmNWQ1NmI5MTllYTI4YjgxZjdhZjViOTk4NWZmY2NlYjUyZTI2Zjg4MTlhN2QwOWEzNWQ0NWZkMTg1ZThhIn0.GiGm8EF7DgbJGTMBPi5v6bhJV7UxhXD6FX0kpgMhWBA&_vercel_jwe=eyJhbGciOiJkaXIiLCJlbmMiOiJBMjU2R0NNIn0..Dh01wuBdYc_5rCmd.JKRcaZgX11Y7QXXuUbV37w08xD1Lqylc7_QJ5I4jnffIgGVCH9ttQ30M6XKO71EEygQMV_ejCWoa2tBYfW9IdIU-sFnF8YrRnJuslMqg11Kpv8sVkCyS3wrFytkjTcJBiZ4SysYYStbC-cvEGjV0yINuw8RqnMJT-JJbDLScFi6-b0U5j4ENjQ70GjvfvXWXaMu0e5vm1_ZiMFb7T9jFgJdulKeEn1B6itfK6IPSoDuuPV4Gp_j3ArAGdDRVRHhdMYfofLxZcyodQzNY9WxtwCXnxZy3jFYVlLlJaUP6DzghISNmJ6VhIcZiinpyxeHlHE4u_oW1jBLXkZ_W-I6laVV5YMahIs6hnifHvH8.qbxLmG67xPhtTxCaDWKNzA,307,7qnts-1770689304431-b4a1a553ad63,"Mozilla/5.0 (Macintosh; Intel Mac OS X 10_15_7) AppleWebKit/537.36 (KHTML, like Gecko) Chrome/142.0.0.0 Safari/537.36 OPR/126.0.0.0",,production,main,,static,/,validacao-tempo-4unca1onb-gcolumbina25s-projects.vercel.app,validacao-tempo-4unca1onb-gcolumbina25s-projects.vercel.app,dpl_kzVUFiLvvV34Ptvs7AL1RHvy82v7,271,gru1,,,,prj_lVvLvhDy5Su5BqXQzc0KlHQ6nCtI,,,,,
2026-02-10 02:08:25,1770689305177,validacao-tempo-4unca1onb-gcolumbina25s-projects.vercel.app/,GET,,500,lvl8h-1770689304188-c9ad45f923e5,vercel-favicon/1.0,error,production,main,MISS,function,/,validacao-tempo-4unca1onb-gcolumbina25s-projects.vercel.app,validacao-tempo-4unca1onb-gcolumbina25s-projects.vercel.app,dpl_kzVUFiLvvV34Ptvs7AL1RHvy82v7,,,,,"Error importing app.py:
Traceback (most recent call last):
File ""/var/task/_vendor/vercel_runtime/vc_init.py"", line 238, in <module>
__vc_spec.loader.exec_module(__vc_module)
File ""<frozen importlib._bootstrap_external>"", line 999, in exec_module
File ""<frozen importlib._bootstrap>"", line 488, in _call_with_frames_removed
File ""/var/task/app.py"", line 484, in <module>
db_init()
File ""/var/task/db_layer.py"", line 185, in init_db
with get_connection() as conn:  # type: Connection
^^^^^^^^^^^^^^^^
File ""/var/task/db_layer.py"", line 177, in get_connection
DATA_DIR.mkdir(parents=True, exist_ok=True)
File ""/var/lang/lib/python3.12/pathlib.py"", line 1311, in mkdir
os.mkdir(self, mode)
OSError: [Errno 30] Read-only file system: '/var/task/dados'
Python process exited with exit status: 1. The logs above can help with debugging the issue.",prj_lVvLvhDy5Su5BqXQzc0KlHQ6nCtI,,,,,
2026-02-10 02:08:24,1770689304188,validacao-tempo-4unca1onb-gcolumbina25s-projects.vercel.app/,GET,,500,lvl8h-1770689304188-c9ad45f923e5,vercel-favicon/1.0,,production,main,MISS,function,/,validacao-tempo-4unca1onb-gcolumbina25s-projects.vercel.app,validacao-tempo-4unca1onb-gcolumbina25s-projects.vercel.app,dpl_kzVUFiLvvV34Ptvs7AL1RHvy82v7,922,iad1,-1,2048,,prj_lVvLvhDy5Su5BqXQzc0KlHQ6nCtI,,,01KH2MX5N8P1RAY03R9RAYEQ5A,,-1
2026-02-10 02:08:23,1770689303285,validacao-tempo-4unca1onb-gcolumbina25s-projects.vercel.app/,GET,,401,4ckgh-1770689303285-37c0322f0dea,"Mozilla/5.0 (Macintosh; Intel Mac OS X 10_15_7) AppleWebKit/537.36 (KHTML, like Gecko) Chrome/142.0.0.0 Safari/537.36 OPR/126.0.0.0",,production,main,,static,/,validacao-tempo-4unca1onb-gcolumbina25s-projects.vercel.app,validacao-tempo-4unca1onb-gcolumbina25s-projects.vercel.app,dpl_kzVUFiLvvV34Ptvs7AL1RHvy82v7,162,gru1,,,,prj_lVvLvhDy5Su5BqXQzc0KlHQ6nCtI,,,,,
2026-02-10 02:08:22,1770689302601,validacao-tempo-4unca1onb-gcolumbina25s-projects.vercel.app/favicon.ico,GET,,500,d2khx-1770689301613-d2853ec0b142,vercel-favicon/1.0,error,production,main,MISS,function,/favicon.ico,validacao-tempo-4unca1onb-gcolumbina25s-projects.vercel.app,validacao-tempo-4unca1onb-gcolumbina25s-projects.vercel.app,dpl_kzVUFiLvvV34Ptvs7AL1RHvy82v7,,,,,"Error importing app.py:
Traceback (most recent call last):
File ""/var/task/_vendor/vercel_runtime/vc_init.py"", line 238, in <module>
__vc_spec.loader.exec_module(__vc_module)
File ""<frozen importlib._bootstrap_external>"", line 999, in exec_module
File ""<frozen importlib._bootstrap>"", line 488, in _call_with_frames_removed
File ""/var/task/app.py"", line 484, in <module>
db_init()
File ""/var/task/db_layer.py"", line 185, in init_db
with get_connection() as conn:  # type: Connection
^^^^^^^^^^^^^^^^
File ""/var/task/db_layer.py"", line 177, in get_connection
DATA_DIR.mkdir(parents=True, exist_ok=True)
File ""/var/lang/lib/python3.12/pathlib.py"", line 1311, in mkdir
os.mkdir(self, mode)
OSError: [Errno 30] Read-only file system: '/var/task/dados'
Python process exited with exit status: 1. The logs above can help with debugging the issue.",prj_lVvLvhDy5Su5BqXQzc0KlHQ6nCtI,,,,,
2026-02-10 02:08:21,1770689301613,validacao-tempo-4unca1onb-gcolumbina25s-projects.vercel.app/favicon.ico,GET,,500,d2khx-1770689301613-d2853ec0b142,vercel-favicon/1.0,,production,main,MISS,function,/,validacao-tempo-4unca1onb-gcolumbina25s-projects.vercel.app,validacao-tempo-4unca1onb-gcolumbina25s-projects.vercel.app,dpl_kzVUFiLvvV34Ptvs7AL1RHvy82v7,930,iad1,-1,2048,,prj_lVvLvhDy5Su5BqXQzc0KlHQ6nCtI,,,01KH2MX34K831S5S8HRRHDTJJF,,-1
2026-02-10 02:08:20,1770689300547,validacao-tempo-4unca1onb-gcolumbina25s-projects.vercel.app/favicon.ico,GET,,500,7fvs7-1770689299544-26ffc8e95856,vercel-favicon/1.0,error,production,main,MISS,function,/favicon.ico,validacao-tempo-4unca1onb-gcolumbina25s-projects.vercel.app,validacao-tempo-4unca1onb-gcolumbina25s-projects.vercel.app,dpl_kzVUFiLvvV34Ptvs7AL1RHvy82v7,,,,,"Error importing app.py:
Traceback (most recent call last):
File ""/var/task/_vendor/vercel_runtime/vc_init.py"", line 238, in <module>
__vc_spec.loader.exec_module(__vc_module)
File ""<frozen importlib._bootstrap_external>"", line 999, in exec_module
File ""<frozen importlib._bootstrap>"", line 488, in _call_with_frames_removed
File ""/var/task/app.py"", line 484, in <module>
db_init()
File ""/var/task/db_layer.py"", line 185, in init_db
with get_connection() as conn:  # type: Connection
^^^^^^^^^^^^^^^^
File ""/var/task/db_layer.py"", line 177, in get_connection
DATA_DIR.mkdir(parents=True, exist_ok=True)
File ""/var/lang/lib/python3.12/pathlib.py"", line 1311, in mkdir
os.mkdir(self, mode)
OSError: [Errno 30] Read-only file system: '/var/task/dados'
Python process exited with exit status: 1. The logs above can help with debugging the issue.",prj_lVvLvhDy5Su5BqXQzc0KlHQ6nCtI,,,,,
2026-02-10 02:08:19,1770689299544,validacao-tempo-4unca1onb-gcolumbina25s-projects.vercel.app/favicon.ico,GET,,500,7fvs7-1770689299544-26ffc8e95856,vercel-favicon/1.0,,production,main,MISS,function,/,validacao-tempo-4unca1onb-gcolumbina25s-projects.vercel.app,validacao-tempo-4unca1onb-gcolumbina25s-projects.vercel.app,dpl_kzVUFiLvvV34Ptvs7AL1RHvy82v7,942,iad1,-1,2048,,prj_lVvLvhDy5Su5BqXQzc0KlHQ6nCtI,,,01KH2MX140CHGVZBTG9GTM6VXV,,-1
2026-02-10 02:08:19,1770689299398,validacao-tempo-4unca1onb-gcolumbina25s-projects.vercel.app/,GET,,500,phxtn-1770689298402-9c997a7192ba,vercel-favicon/1.0,error,production,main,MISS,function,/,validacao-tempo-4unca1onb-gcolumbina25s-projects.vercel.app,validacao-tempo-4unca1onb-gcolumbina25s-projects.vercel.app,dpl_kzVUFiLvvV34Ptvs7AL1RHvy82v7,,,,,"Error importing app.py:
Traceback (most recent call last):
File ""/var/task/_vendor/vercel_runtime/vc_init.py"", line 238, in <module>
__vc_spec.loader.exec_module(__vc_module)
File ""<frozen importlib._bootstrap_external>"", line 999, in exec_module
File ""<frozen importlib._bootstrap>"", line 488, in _call_with_frames_removed
File ""/var/task/app.py"", line 484, in <module>
db_init()
File ""/var/task/db_layer.py"", line 185, in init_db
with get_connection() as conn:  # type: Connection
^^^^^^^^^^^^^^^^
File ""/var/task/db_layer.py"", line 177, in get_connection
DATA_DIR.mkdir(parents=True, exist_ok=True)
File ""/var/lang/lib/python3.12/pathlib.py"", line 1311, in mkdir
os.mkdir(self, mode)
OSError: [Errno 30] Read-only file system: '/var/task/dados'
Python process exited with exit status: 1. The logs above can help with debugging the issue.",prj_lVvLvhDy5Su5BqXQzc0KlHQ6nCtI,,,,,
2026-02-10 02:08:18,1770689298402,validacao-tempo-4unca1onb-gcolumbina25s-projects.vercel.app/,GET,,500,phxtn-1770689298402-9c997a7192ba,vercel-favicon/1.0,,production,main,MISS,function,/,validacao-tempo-4unca1onb-gcolumbina25s-projects.vercel.app,validacao-tempo-4unca1onb-gcolumbina25s-projects.vercel.app,dpl_kzVUFiLvvV34Ptvs7AL1RHvy82v7,932,iad1,-1,2048,,prj_lVvLvhDy5Su5BqXQzc0KlHQ6nCtI,,,01KH2MX00K6NBTKPQV1PG4Q49E,,-1
2026-02-10 02:08:16,1770689296942,validacao-tempo-4unca1onb-gcolumbina25s-projects.vercel.app/,GET,,500,czjsf-1770689295925-30b8289aa4c5,vercel-favicon/1.0,error,production,main,MISS,function,/,validacao-tempo-4unca1onb-gcolumbina25s-projects.vercel.app,validacao-tempo-4unca1onb-gcolumbina25s-projects.vercel.app,dpl_kzVUFiLvvV34Ptvs7AL1RHvy82v7,,,,,"Error importing app.py:
Traceback (most recent call last):
File ""/var/task/_vendor/vercel_runtime/vc_init.py"", line 238, in <module>
__vc_spec.loader.exec_module(__vc_module)
File ""<frozen importlib._bootstrap_external>"", line 999, in exec_module
File ""<frozen importlib._bootstrap>"", line 488, in _call_with_frames_removed
File ""/var/task/app.py"", line 484, in <module>
db_init()
File ""/var/task/db_layer.py"", line 185, in init_db
with get_connection() as conn:  # type: Connection
^^^^^^^^^^^^^^^^
File ""/var/task/db_layer.py"", line 177, in get_connection
DATA_DIR.mkdir(parents=True, exist_ok=True)
File ""/var/lang/lib/python3.12/pathlib.py"", line 1311, in mkdir
os.mkdir(self, mode)
OSError: [Errno 30] Read-only file system: '/var/task/dados'
Python process exited with exit status: 1. The logs above can help with debugging the issue.",prj_lVvLvhDy5Su5BqXQzc0KlHQ6nCtI,,,,,
2026-02-10 02:08:15,1770689295925,validacao-tempo-4unca1onb-gcolumbina25s-projects.vercel.app/,GET,,500,czjsf-1770689295925-30b8289aa4c5,vercel-favicon/1.0,,production,main,MISS,function,/,validacao-tempo-4unca1onb-gcolumbina25s-projects.vercel.app,validacao-tempo-4unca1onb-gcolumbina25s-projects.vercel.app,dpl_kzVUFiLvvV34Ptvs7AL1RHvy82v7,960,iad1,-1,2048,,prj_lVvLvhDy5Su5BqXQzc0KlHQ6nCtI,,,01KH2MWXK0Q8WRE065X2P3BW3D,,-1
2026-02-10 02:07:49,1770689269846,validacao-tempo-4unca1onb-gcolumbina25s-projects.vercel.app/,GET,,500,nxbsj-1770689268783-e793eba0c848,"Mozilla/5.0 (X11; Linux x86_64) AppleWebKit/537.36 (KHTML, like Gecko) HeadlessChrome/141.0.7390.0 Safari/537.36",error,production,main,MISS,function,/,validacao-tempo-4unca1onb-gcolumbina25s-projects.vercel.app,validacao-tempo-4unca1onb-gcolumbina25s-projects.vercel.app,dpl_kzVUFiLvvV34Ptvs7AL1RHvy82v7,,,,,"Error importing app.py:
Traceback (most recent call last):
File ""/var/task/_vendor/vercel_runtime/vc_init.py"", line 238, in <module>
__vc_spec.loader.exec_module(__vc_module)
File ""<frozen importlib._bootstrap_external>"", line 999, in exec_module
File ""<frozen importlib._bootstrap>"", line 488, in _call_with_frames_removed
File ""/var/task/app.py"", line 484, in <module>
db_init()
File ""/var/task/db_layer.py"", line 185, in init_db
with get_connection() as conn:  # type: Connection
^^^^^^^^^^^^^^^^
File ""/var/task/db_layer.py"", line 177, in get_connection
DATA_DIR.mkdir(parents=True, exist_ok=True)
File ""/var/lang/lib/python3.12/pathlib.py"", line 1311, in mkdir
os.mkdir(self, mode)
OSError: [Errno 30] Read-only file system: '/var/task/dados'
Python process exited with exit status: 1. The logs above can help with debugging the issue.",prj_lVvLvhDy5Su5BqXQzc0KlHQ6nCtI,,,,,
2026-02-10 02:07:48,1770689268783,validacao-tempo-4unca1onb-gcolumbina25s-projects.vercel.app/,GET,,500,nxbsj-1770689268783-e793eba0c848,"Mozilla/5.0 (X11; Linux x86_64) AppleWebKit/537.36 (KHTML, like Gecko) HeadlessChrome/141.0.7390.0 Safari/537.36",,production,main,MISS,function,/,validacao-tempo-4unca1onb-gcolumbina25s-projects.vercel.app,validacao-tempo-4unca1onb-gcolumbina25s-projects.vercel.app,dpl_kzVUFiLvvV34Ptvs7AL1RHvy82v7,918,iad1,-1,2048,,prj_lVvLvhDy5Su5BqXQzc0KlHQ6nCtI,,,01KH2MW35HJD6HF18DATJD2CTT,,-1
2026-02-10 02:07:47,1770689267554,validacao-tempo-4unca1onb-gcolumbina25s-projects.vercel.app/favicon.ico,GET,,500,zj6lt-1770689266586-74c47f2ece90,vercel-screenshot/1.0,error,production,main,MISS,function,/favicon.ico,validacao-tempo-4unca1onb-gcolumbina25s-projects.vercel.app,validacao-tempo-4unca1onb-gcolumbina25s-projects.vercel.app,dpl_kzVUFiLvvV34Ptvs7AL1RHvy82v7,,,,,"Error importing app.py:
Traceback (most recent call last):
File ""/var/task/_vendor/vercel_runtime/vc_init.py"", line 238, in <module>
__vc_spec.loader.exec_module(__vc_module)
File ""<frozen importlib._bootstrap_external>"", line 999, in exec_module
File ""<frozen importlib._bootstrap>"", line 488, in _call_with_frames_removed
File ""/var/task/app.py"", line 484, in <module>
db_init()
File ""/var/task/db_layer.py"", line 185, in init_db
with get_connection() as conn:  # type: Connection
^^^^^^^^^^^^^^^^
File ""/var/task/db_layer.py"", line 177, in get_connection
DATA_DIR.mkdir(parents=True, exist_ok=True)
File ""/var/lang/lib/python3.12/pathlib.py"", line 1311, in mkdir
os.mkdir(self, mode)
OSError: [Errno 30] Read-only file system: '/var/task/dados'
Python process exited with exit status: 1. The logs above can help with debugging the issue.",prj_lVvLvhDy5Su5BqXQzc0KlHQ6nCtI,,,,,
2026-02-10 02:07:46,1770689266586,validacao-tempo-4unca1onb-gcolumbina25s-projects.vercel.app/favicon.ico,GET,,500,zj6lt-1770689266586-74c47f2ece90,vercel-screenshot/1.0,,production,main,MISS,function,/,validacao-tempo-4unca1onb-gcolumbina25s-projects.vercel.app,validacao-tempo-4unca1onb-gcolumbina25s-projects.vercel.app,dpl_kzVUFiLvvV34Ptvs7AL1RHvy82v7,907,iad1,-1,2048,,prj_lVvLvhDy5Su5BqXQzc0KlHQ6nCtI,,,01KH2MW0Y76V3WSN5X5C9DRMNS,,-1
2026-02-10 02:07:47,1770689267586,validacao-tempo-4unca1onb-gcolumbina25s-projects.vercel.app/favicon.ico,GET,,500,nxbsj-1770689266518-7a9bdffa0043,vercel-screenshot/1.0,error,production,main,MISS,function,/favicon.ico,validacao-tempo-4unca1onb-gcolumbina25s-projects.vercel.app,validacao-tempo-4unca1onb-gcolumbina25s-projects.vercel.app,dpl_kzVUFiLvvV34Ptvs7AL1RHvy82v7,,,,,"Error importing app.py:
Traceback (most recent call last):
File ""/var/task/_vendor/vercel_runtime/vc_init.py"", line 238, in <module>
__vc_spec.loader.exec_module(__vc_module)
File ""<frozen importlib._bootstrap_external>"", line 999, in exec_module
File ""<frozen importlib._bootstrap>"", line 488, in _call_with_frames_removed
File ""/var/task/app.py"", line 484, in <module>
db_init()
File ""/var/task/db_layer.py"", line 185, in init_db
with get_connection() as conn:  # type: Connection
^^^^^^^^^^^^^^^^
File ""/var/task/db_layer.py"", line 177, in get_connection
DATA_DIR.mkdir(parents=True, exist_ok=True)
File ""/var/lang/lib/python3.12/pathlib.py"", line 1311, in mkdir
os.mkdir(self, mode)
OSError: [Errno 30] Read-only file system: '/var/task/dados'
Python process exited with exit status: 1. The logs above can help with debugging the issue.",prj_lVvLvhDy5Su5BqXQzc0KlHQ6nCtI,,,,,
2026-02-10 02:07:46,1770689266518,validacao-tempo-4unca1onb-gcolumbina25s-projects.vercel.app/favicon.ico,GET,,500,nxbsj-1770689266518-7a9bdffa0043,vercel-screenshot/1.0,,production,main,MISS,function,/,validacao-tempo-4unca1onb-gcolumbina25s-projects.vercel.app,validacao-tempo-4unca1onb-gcolumbina25s-projects.vercel.app,dpl_kzVUFiLvvV34Ptvs7AL1RHvy82v7,924,iad1,-1,2048,,prj_lVvLvhDy5Su5BqXQzc0KlHQ6nCtI,,,01KH2MW0YQ9P6Y7BHJEH9Q4GZV,,-1
2026-02-10 02:07:46,1770689266491,validacao-tempo-4unca1onb-gcolumbina25s-projects.vercel.app/,GET,,500,skfp4-1770689265523-d8aabeb97abd,vercel-screenshot/1.0,error,production,main,MISS,function,/,validacao-tempo-4unca1onb-gcolumbina25s-projects.vercel.app,validacao-tempo-4unca1onb-gcolumbina25s-projects.vercel.app,dpl_kzVUFiLvvV34Ptvs7AL1RHvy82v7,,,,,"Error importing app.py:
Traceback (most recent call last):
File ""/var/task/_vendor/vercel_runtime/vc_init.py"", line 238, in <module>
__vc_spec.loader.exec_module(__vc_module)
File ""<frozen importlib._bootstrap_external>"", line 999, in exec_module
File ""<frozen importlib._bootstrap>"", line 488, in _call_with_frames_removed
File ""/var/task/app.py"", line 484, in <module>
db_init()
File ""/var/task/db_layer.py"", line 185, in init_db
with get_connection() as conn:  # type: Connection
^^^^^^^^^^^^^^^^
File ""/var/task/db_layer.py"", line 177, in get_connection
DATA_DIR.mkdir(parents=True, exist_ok=True)
File ""/var/lang/lib/python3.12/pathlib.py"", line 1311, in mkdir
os.mkdir(self, mode)
OSError: [Errno 30] Read-only file system: '/var/task/dados'
Python process exited with exit status: 1. The logs above can help with debugging the issue.",prj_lVvLvhDy5Su5BqXQzc0KlHQ6nCtI,,,,,
2026-02-10 02:07:45,1770689265523,validacao-tempo-4unca1onb-gcolumbina25s-projects.vercel.app/,GET,,500,skfp4-1770689265523-d8aabeb97abd,vercel-screenshot/1.0,,production,main,MISS,function,/,validacao-tempo-4unca1onb-gcolumbina25s-projects.vercel.app,validacao-tempo-4unca1onb-gcolumbina25s-projects.vercel.app,dpl_kzVUFiLvvV34Ptvs7AL1RHvy82v7,918,iad1,-1,2048,,prj_lVvLvhDy5Su5BqXQzc0KlHQ6nCtI,,,01KH2MVZWP9KJ25DQ61XX6G2PD,,-1
2026-02-10 02:07:46,1770689266459,validacao-tempo-4unca1onb-gcolumbina25s-projects.vercel.app/,GET,,500,m7zm6-1770689265382-67f26114e229,vercel-screenshot/1.0,error,production,main,MISS,function,/,validacao-tempo-4unca1onb-gcolumbina25s-projects.vercel.app,validacao-tempo-4unca1onb-gcolumbina25s-projects.vercel.app,dpl_kzVUFiLvvV34Ptvs7AL1RHvy82v7,,,,,"Error importing app.py:
Traceback (most recent call last):
File ""/var/task/_vendor/vercel_runtime/vc_init.py"", line 238, in <module>
__vc_spec.loader.exec_module(__vc_module)
File ""<frozen importlib._bootstrap_external>"", line 999, in exec_module
File ""<frozen importlib._bootstrap>"", line 488, in _call_with_frames_removed
File ""/var/task/app.py"", line 484, in <module>
db_init()
File ""/var/task/db_layer.py"", line 185, in init_db
with get_connection() as conn:  # type: Connection
^^^^^^^^^^^^^^^^
File ""/var/task/db_layer.py"", line 177, in get_connection
DATA_DIR.mkdir(parents=True, exist_ok=True)
File ""/var/lang/lib/python3.12/pathlib.py"", line 1311, in mkdir
os.mkdir(self, mode)
OSError: [Errno 30] Read-only file system: '/var/task/dados'
Python process exited with exit status: 1. The logs above can help with debugging the issue.",prj_lVvLvhDy5Su5BqXQzc0KlHQ6nCtI,,,,,
2026-02-10 02:07:45,1770689265382,validacao-tempo-4unca1onb-gcolumbina25s-projects.vercel.app/,GET,,500,m7zm6-1770689265382-67f26114e229,vercel-screenshot/1.0,,production,main,MISS,function,/,validacao-tempo-4unca1onb-gcolumbina25s-projects.vercel.app,validacao-tempo-4unca1onb-gcolumbina25s-projects.vercel.app,dpl_kzVUFiLvvV34Ptvs7AL1RHvy82v7,918,iad1,-1,2048,,prj_lVvLvhDy5Su5BqXQzc0KlHQ6nCtI,,,01KH2MVZVD7M2SPKH089940F76,,-1
2026-02-10 02:07:45,1770689265511,validacao-tempo-4unca1onb-gcolumbina25s-projects.vercel.app/,GET,,500,4nnph-1770689263177-89d718699d61,"Mozilla/5.0 (X11; Linux x86_64) AppleWebKit/537.36 (KHTML, like Gecko) HeadlessChrome/141.0.7390.0 Safari/537.36",error,production,main,MISS,function,/,validacao-tempo-4unca1onb-gcolumbina25s-projects.vercel.app,validacao-tempo-4unca1onb-gcolumbina25s-projects.vercel.app,dpl_kzVUFiLvvV34Ptvs7AL1RHvy82v7,,,,,"Error importing app.py:
Traceback (most recent call last):
File ""/var/task/_vendor/vercel_runtime/vc_init.py"", line 238, in <module>
__vc_spec.loader.exec_module(__vc_module)
File ""<frozen importlib._bootstrap_external>"", line 999, in exec_module
File ""<frozen importlib._bootstrap>"", line 488, in _call_with_frames_removed
File ""/var/task/app.py"", line 484, in <module>
db_init()
File ""/var/task/db_layer.py"", line 185, in init_db
with get_connection() as conn:  # type: Connection
^^^^^^^^^^^^^^^^
File ""/var/task/db_layer.py"", line 177, in get_connection
DATA_DIR.mkdir(parents=True, exist_ok=True)
File ""/var/lang/lib/python3.12/pathlib.py"", line 1311, in mkdir
os.mkdir(self, mode)
OSError: [Errno 30] Read-only file system: '/var/task/dados'
Python process exited with exit status: 1. The logs above can help with debugging the issue.
Error importing app.py:
Traceback (most recent call last):
File ""/var/task/_vendor/vercel_runtime/vc_init.py"", line 238, in <module>
__vc_spec.loader.exec_module(__vc_module)
File ""<frozen importlib._bootstrap_external>"", line 999, in exec_module
File ""<frozen importlib._bootstrap>"", line 488, in _call_with_frames_removed
File ""/var/task/app.py"", line 484, in <module>
db_init()
File ""/var/task/db_layer.py"", line 185, in init_db
with get_connection() as conn:  # type: Connection
^^^^^^^^^^^^^^^^
File ""/var/task/db_layer.py"", line 177, in get_connection
DATA_DIR.mkdir(parents=True, exist_ok=True)
File ""/var/lang/lib/python3.12/pathlib.py"", line 1311, in mkdir
os.mkdir(self, mode)
OSError: [Errno 30] Read-only file system: '/var/task/dados'
Python process exited with exit status: 1. The logs above can help with debugging the issue.",prj_lVvLvhDy5Su5BqXQzc0KlHQ6nCtI,,,,,
2026-02-10 02:07:43,1770689263177,validacao-tempo-4unca1onb-gcolumbina25s-projects.vercel.app/,GET,,500,4nnph-1770689263177-89d718699d61,"Mozilla/5.0 (X11; Linux x86_64) AppleWebKit/537.36 (KHTML, like Gecko) HeadlessChrome/141.0.7390.0 Safari/537.36",,production,main,MISS,function,/,validacao-tempo-4unca1onb-gcolumbina25s-projects.vercel.app,validacao-tempo-4unca1onb-gcolumbina25s-projects.vercel.app,dpl_kzVUFiLvvV34Ptvs7AL1RHvy82v7,907,iad1,-1,2048,,prj_lVvLvhDy5Su5BqXQzc0KlHQ6nCtI,,,01KH2MVXR00CK0C3KC7EBA2XAB,,-1
2026-02-10 02:07:45,1770689265419,validacao-tempo-4unca1onb-gcolumbina25s-projects.vercel.app/,GET,,500,vp5kc-1770689263146-b6120b18cbb3,vercel-screenshot/1.0,error,production,main,MISS,function,/,validacao-tempo-4unca1onb-gcolumbina25s-projects.vercel.app,validacao-tempo-4unca1onb-gcolumbina25s-projects.vercel.app,dpl_kzVUFiLvvV34Ptvs7AL1RHvy82v7,,,,,"Error importing app.py:
Traceback (most recent call last):
File ""/var/task/_vendor/vercel_runtime/vc_init.py"", line 238, in <module>
__vc_spec.loader.exec_module(__vc_module)
File ""<frozen importlib._bootstrap_external>"", line 999, in exec_module
File ""<frozen importlib._bootstrap>"", line 488, in _call_with_frames_removed
File ""/var/task/app.py"", line 484, in <module>
db_init()
File ""/var/task/db_layer.py"", line 185, in init_db
with get_connection() as conn:  # type: Connection
^^^^^^^^^^^^^^^^
File ""/var/task/db_layer.py"", line 177, in get_connection
DATA_DIR.mkdir(parents=True, exist_ok=True)
File ""/var/lang/lib/python3.12/pathlib.py"", line 1311, in mkdir
os.mkdir(self, mode)
OSError: [Errno 30] Read-only file system: '/var/task/dados'
Python process exited with exit status: 1. The logs above can help with debugging the issue.
Error importing app.py:
Traceback (most recent call last):
File ""/var/task/_vendor/vercel_runtime/vc_init.py"", line 238, in <module>
__vc_spec.loader.exec_module(__vc_module)
File ""<frozen importlib._bootstrap_external>"", line 999, in exec_module
File ""<frozen importlib._bootstrap>"", line 488, in _call_with_frames_removed
File ""/var/task/app.py"", line 484, in <module>
db_init()
File ""/var/task/db_layer.py"", line 185, in init_db
with get_connection() as conn:  # type: Connection
^^^^^^^^^^^^^^^^
File ""/var/task/db_layer.py"", line 177, in get_connection
DATA_DIR.mkdir(parents=True, exist_ok=True)
File ""/var/lang/lib/python3.12/pathlib.py"", line 1311, in mkdir
os.mkdir(self, mode)
OSError: [Errno 30] Read-only file system: '/var/task/dados'
Python process exited with exit status: 1. The logs above can help with debugging the issue.",prj_lVvLvhDy5Su5BqXQzc0KlHQ6nCtI,,,,,
2026-02-10 02:07:43,1770689263146,validacao-tempo-4unca1onb-gcolumbina25s-projects.vercel.app/,GET,,500,vp5kc-1770689263146-b6120b18cbb3,vercel-screenshot/1.0,,production,main,MISS,function,/,validacao-tempo-4unca1onb-gcolumbina25s-projects.vercel.app,validacao-tempo-4unca1onb-gcolumbina25s-projects.vercel.app,dpl_kzVUFiLvvV34Ptvs7AL1RHvy82v7,909,iad1,-1,2048,,prj_lVvLvhDy5Su5BqXQzc0KlHQ6nCtI,,,01KH2MVXK92K4M8P8AHR2XWMTY,,-1
2026-02-10 02:07:45,1770689265198,validacao-tempo-4unca1onb-gcolumbina25s-projects.vercel.app/,GET,,500,f6jk7-1770689263057-5ca16088e6bb,vercel-screenshot/1.0,error,production,main,MISS,function,/,validacao-tempo-4unca1onb-gcolumbina25s-projects.vercel.app,validacao-tempo-4unca1onb-gcolumbina25s-projects.vercel.app,dpl_kzVUFiLvvV34Ptvs7AL1RHvy82v7,,,,,"Error importing app.py:
Traceback (most recent call last):
File ""/var/task/_vendor/vercel_runtime/vc_init.py"", line 238, in <module>
__vc_spec.loader.exec_module(__vc_module)
File ""<frozen importlib._bootstrap_external>"", line 999, in exec_module
File ""<frozen importlib._bootstrap>"", line 488, in _call_with_frames_removed
File ""/var/task/app.py"", line 484, in <module>
db_init()
File ""/var/task/db_layer.py"", line 185, in init_db
with get_connection() as conn:  # type: Connection
^^^^^^^^^^^^^^^^
File ""/var/task/db_layer.py"", line 177, in get_connection
DATA_DIR.mkdir(parents=True, exist_ok=True)
File ""/var/lang/lib/python3.12/pathlib.py"", line 1311, in mkdir
os.mkdir(self, mode)
OSError: [Errno 30] Read-only file system: '/var/task/dados'
Python process exited with exit status: 1. The logs above can help with debugging the issue.
Error importing app.py:
Traceback (most recent call last):
File ""/var/task/_vendor/vercel_runtime/vc_init.py"", line 238, in <module>
__vc_spec.loader.exec_module(__vc_module)
File ""<frozen importlib._bootstrap_external>"", line 999, in exec_module
File ""<frozen importlib._bootstrap>"", line 488, in _call_with_frames_removed
File ""/var/task/app.py"", line 484, in <module>
db_init()
File ""/var/task/db_layer.py"", line 185, in init_db
with get_connection() as conn:  # type: Connection
^^^^^^^^^^^^^^^^
File ""/var/task/db_layer.py"", line 177, in get_connection
DATA_DIR.mkdir(parents=True, exist_ok=True)
File ""/var/lang/lib/python3.12/pathlib.py"", line 1311, in mkdir
os.mkdir(self, mode)
OSError: [Errno 30] Read-only file system: '/var/task/dados'
Python process exited with exit status: 1. The logs above can help with debugging the issue.",prj_lVvLvhDy5Su5BqXQzc0KlHQ6nCtI,,,,,
2026-02-10 02:07:43,1770689263057,validacao-tempo-4unca1onb-gcolumbina25s-projects.vercel.app/,GET,,500,f6jk7-1770689263057-5ca16088e6bb,vercel-screenshot/1.0,,production,main,MISS,function,/,validacao-tempo-4unca1onb-gcolumbina25s-projects.vercel.app,validacao-tempo-4unca1onb-gcolumbina25s-projects.vercel.app,dpl_kzVUFiLvvV34Ptvs7AL1RHvy82v7,786,iad1,-1,2048,,prj_lVvLvhDy5Su5BqXQzc0KlHQ6nCtI,,,01KH2MVXKHKF73EGMZJY4G45JR,,-1
2026-02-10 02:07:45,1770689265410,validacao-tempo-4unca1onb-gcolumbina25s-projects.vercel.app/,GET,,500,z8f5c-1770689262956-9956e3277510,"Mozilla/5.0 (X11; Linux x86_64) AppleWebKit/537.36 (KHTML, like Gecko) HeadlessChrome/141.0.7390.0 Safari/537.36",error,production,main,MISS,function,/,validacao-tempo-4unca1onb-gcolumbina25s-projects.vercel.app,validacao-tempo-4unca1onb-gcolumbina25s-projects.vercel.app,dpl_kzVUFiLvvV34Ptvs7AL1RHvy82v7,,,,,"Error importing app.py:
Traceback (most recent call last):
File ""/var/task/_vendor/vercel_runtime/vc_init.py"", line 238, in <module>
__vc_spec.loader.exec_module(__vc_module)
File ""<frozen importlib._bootstrap_external>"", line 999, in exec_module
File ""<frozen importlib._bootstrap>"", line 488, in _call_with_frames_removed
File ""/var/task/app.py"", line 484, in <module>
db_init()
File ""/var/task/db_layer.py"", line 185, in init_db
with get_connection() as conn:  # type: Connection
^^^^^^^^^^^^^^^^
File ""/var/task/db_layer.py"", line 177, in get_connection
DATA_DIR.mkdir(parents=True, exist_ok=True)
File ""/var/lang/lib/python3.12/pathlib.py"", line 1311, in mkdir
os.mkdir(self, mode)
OSError: [Errno 30] Read-only file system: '/var/task/dados'
Python process exited with exit status: 1. The logs above can help with debugging the issue.
Error importing app.py:
Traceback (most recent call last):
File ""/var/task/_vendor/vercel_runtime/vc_init.py"", line 238, in <module>
__vc_spec.loader.exec_module(__vc_module)
File ""<frozen importlib._bootstrap_external>"", line 999, in exec_module
File ""<frozen importlib._bootstrap>"", line 488, in _call_with_frames_removed
File ""/var/task/app.py"", line 484, in <module>
db_init()
File ""/var/task/db_layer.py"", line 185, in init_db
with get_connection() as conn:  # type: Connection
^^^^^^^^^^^^^^^^
File ""/var/task/db_layer.py"", line 177, in get_connection
DATA_DIR.mkdir(parents=True, exist_ok=True)
File ""/var/lang/lib/python3.12/pathlib.py"", line 1311, in mkdir
os.mkdir(self, mode)
OSError: [Errno 30] Read-only file system: '/var/task/dados'
Python process exited with exit status: 1. The logs above can help with debugging the issue.",prj_lVvLvhDy5Su5BqXQzc0KlHQ6nCtI,,,,,
2026-02-10 02:07:42,1770689262956,validacao-tempo-4unca1onb-gcolumbina25s-projects.vercel.app/,GET,,500,z8f5c-1770689262956-9956e3277510,"Mozilla/5.0 (X11; Linux x86_64) AppleWebKit/537.36 (KHTML, like Gecko) HeadlessChrome/141.0.7390.0 Safari/537.36",,production,main,MISS,function,/,validacao-tempo-4unca1onb-gcolumbina25s-projects.vercel.app,validacao-tempo-4unca1onb-gcolumbina25s-projects.vercel.app,dpl_kzVUFiLvvV34Ptvs7AL1RHvy82v7,811,iad1,-1,2048,,prj_lVvLvhDy5Su5BqXQzc0KlHQ6nCtI,,,01KH2MVXK8AXNZ9ZCZ3N86917Y,,-1